2022-05-31 17:17:42 [[31merror[39m] [[36mDatabase[39m] Mongoose connection lost
2022-05-31 17:17:42 [[31merror[39m] [[36mDatabase[39m] Cannot read property 'split' of null
2022-05-31 17:17:56 [[32minfo[39m] [[36mStatus[39m] ✅ loaded Maintenance Mode 
2022-05-31 17:19:48 [[32minfo[39m] [[36mShard[39m] Launching Shard 1
2022-05-31 17:20:06 [[32minfo[39m] [[36mStatus[39m] ✅ loaded Maintenance Mode 
2022-05-31 17:27:07 [[32minfo[39m] [[36mGuilds[39m] Joined to "Swordie Bot" (981247252217593906)
2022-05-31 18:24:15 [[32minfo[39m] [[36mCommand[39m] "s!restart" (restart) ran by "Isa-san#7730" (801148038269763644) on guild "Swordie Bot" (981247252217593906) channel "#commands" (981261777692143716)
2022-05-31 18:24:26 [[32minfo[39m] [[36mStatus[39m] ✅ loaded Maintenance Mode 
2022-05-31 18:24:53 [[32minfo[39m] [[36mCommand[39m] "s!help" (help) ran by "Isa-san#7730" (801148038269763644) on guild "Swordie Bot" (981247252217593906) channel "#commands" (981261777692143716)
2022-05-31 18:25:57 [[32minfo[39m] [[36mCommand[39m] "s!help owner" (help) ran by "Isa-san#7730" (801148038269763644) on guild "Swordie Bot" (981247252217593906) channel "#commands" (981261777692143716)
2022-05-31 18:30:47 [[32minfo[39m] [[36mCommand[39m] "s!addcode year" (addpremium) ran by "Isa-san#7730" (801148038269763644) on guild "Swordie Bot" (981247252217593906) channel "#staff-commands" (981260694269870090)
2022-05-31 18:32:54 [[32minfo[39m] [[36mCommand[39m] "s!addcode lifetime" (addpremium) ran by "Isa-san#7730" (801148038269763644) on guild "Swordie Bot" (981247252217593906) channel "#staff-commands" (981260694269870090)
2022-05-31 18:52:27 [[32minfo[39m] [[36mCommand[39m] "s!restart" (restart) ran by "Isa-san#7730" (801148038269763644) on guild "Swordie Bot" (981247252217593906) channel "#staff-commands" (981260694269870090)
2022-05-31 18:52:35 [[32minfo[39m] [[36mStatus[39m] ✅ loaded Maintenance Mode 
2022-05-31 18:54:47 [[32minfo[39m] [[36mShard[39m] Launching Shard 1
2022-05-31 18:54:59 [[32minfo[39m] [[36mStatus[39m] ✅ loaded Maintenance Mode 
2022-05-31 18:57:08 [[32minfo[39m] [[36mShard[39m] Launching Shard 1
2022-05-31 18:57:20 [[32minfo[39m] [[36mStatus[39m] ✅ loaded Maintenance Mode 
2022-05-31 19:05:12 [[32minfo[39m] [[36mCommand[39m] "s!restart" (restart) ran by "Isa-san#7730" (801148038269763644) on guild "Swordie Bot" (981247252217593906) channel "#commands" (981261777692143716)
2022-05-31 19:06:04 [[32minfo[39m] [[36mShard[39m] Launching Shard 1
2022-05-31 19:06:27 [[32minfo[39m] [[36mStatus[39m] ✅ loaded Maintenance Mode 
2022-05-31 19:07:11 [[32minfo[39m] [[36mGuilds[39m] Joined to "Boxie Support" (865152607352651786)
2022-05-31 19:10:15 [[32minfo[39m] [[36mCommand[39m] "s!maintenance disable" (maintenance) ran by "Isa-san#7730" (801148038269763644) on guild "Swordie Bot" (981247252217593906) channel "#staff-commands" (981260694269870090)
2022-05-31 19:10:37 [[32minfo[39m] [[36mStatus[39m] ✅ loaded: Bot Status 
2022-05-31 19:11:23 [[32minfo[39m] [[36mCommand[39m] "s!addcode liftime" (addpremium) ran by "Isa-san#7730" (801148038269763644) on guild "Swordie Bot" (981247252217593906) channel "#commands" (981261777692143716)
2022-05-31 19:11:30 [[32minfo[39m] [[36mCommand[39m] "s!addcode lifetime" (addpremium) ran by "Isa-san#7730" (801148038269763644) on guild "Swordie Bot" (981247252217593906) channel "#commands" (981261777692143716)
2022-05-31 19:11:40 [[32minfo[39m] [[36mCommand[39m] "s!redeem PIWR-PECC-TPNW" (redeem) ran by "Isa-san#7730" (801148038269763644) on guild "Swordie Bot" (981247252217593906) channel "#commands" (981261777692143716)
2022-05-31 19:12:34 [[32minfo[39m] [[36mCommand[39m] "s!addquestion Age?" (addquestion) ran by "Isa-san#7730" (801148038269763644) on guild "Swordie Bot" (981247252217593906) channel "#staff-commands" (981260694269870090)
2022-05-31 19:12:48 [[32minfo[39m] [[36mCommand[39m] "s!addquestion Discord Tag & Name" (addquestion) ran by "Isa-san#7730" (801148038269763644) on guild "Swordie Bot" (981247252217593906) channel "#staff-commands" (981260694269870090)
2022-05-31 19:12:56 [[32minfo[39m] [[36mCommand[39m] "s!addquestion Discord ID" (addquestion) ran by "Isa-san#7730" (801148038269763644) on guild "Swordie Bot" (981247252217593906) channel "#staff-commands" (981260694269870090)
2022-05-31 19:13:07 [[32minfo[39m] [[36mCommand[39m] "s!addquestion Why do u want to become support?" (addquestion) ran by "Isa-san#7730" (801148038269763644) on guild "Swordie Bot" (981247252217593906) channel "#staff-commands" (981260694269870090)
2022-05-31 19:13:19 [[32minfo[39m] [[36mCommand[39m] "s!addquestion On a scale of 1 to 10. how responsible are you?" (addquestion) ran by "Isa-san#7730" (801148038269763644) on guild "Swordie Bot" (981247252217593906) channel "#staff-commands" (981260694269870090)
2022-05-31 19:13:31 [[32minfo[39m] [[36mCommand[39m] "s!addquestion why should we pick u over the other applicants" (addquestion) ran by "Isa-san#7730" (801148038269763644) on guild "Swordie Bot" (981247252217593906) channel "#staff-commands" (981260694269870090)
2022-05-31 19:13:38 [[32minfo[39m] [[36mCommand[39m] "s!addquestion questions?" (addquestion) ran by "Isa-san#7730" (801148038269763644) on guild "Swordie Bot" (981247252217593906) channel "#staff-commands" (981260694269870090)
2022-05-31 19:13:45 [[32minfo[39m] [[36mCommand[39m] "s!apply" (apply) ran by "Isa-san#7730" (801148038269763644) on guild "Swordie Bot" (981247252217593906) channel "#staff-commands" (981260694269870090)
2022-05-31 19:17:06 [[32minfo[39m] [[36mShard[39m] Launching Shard 1
2022-05-31 19:17:26 [[32minfo[39m] [[36mStatus[39m] ✅ loaded: Bot Status 
2022-05-31 19:25:07 [[32minfo[39m] [[36mCommand[39m] "s!addcode day" (addpremium) ran by "Isa-san#7730" (801148038269763644) on guild "Swordie Bot" (981247252217593906) channel "#staff-commands" (981260694269870090)
2022-05-31 19:25:22 [[32minfo[39m] [[36mCommand[39m] "s!redeem SAVA-EMT5-N4YQ" (redeem) ran by "Isa-san#7730" (801148038269763644) on guild "Quarbucks" (940708725155561512) channel "#📺commands" (950885574544330812)
2022-05-31 19:25:30 [[32minfo[39m] [[36mCommand[39m] "s!redeem SAVA-EMT5-N4YQ" (redeem) ran by "Isa-san#7730" (801148038269763644) on guild "Unione Empire" (954120986876342322) channel "#migrate" (980918187904368661)
2022-05-31 19:25:43 [[32minfo[39m] [[36mCommand[39m] "s!help" (help) ran by "Isa-san#7730" (801148038269763644) on guild "Unione Empire" (954120986876342322) channel "#migrate" (980918187904368661)
2022-05-31 19:25:54 [[32minfo[39m] [[36mGuilds[39m] Joined to "Quargen" (950892793323192320)
2022-05-31 19:26:01 [[32minfo[39m] [[36mCommand[39m] "s!redeem SAVA-EMT5-N4YQ" (redeem) ran by "Isa-san#7730" (801148038269763644) on guild "Quargen" (950892793323192320) channel "#join-here" (950892794619240491)
2022-05-31 19:32:05 [[32minfo[39m] [[36mCommand[39m] "s!reviewapps" (review) ran by "Isa-san#7730" (801148038269763644) on guild "Swordie Bot" (981247252217593906) channel "#staff-commands" (981260694269870090)
2022-05-31 19:41:07 [[32minfo[39m] [[36mShard[39m] Launching Shard 1
2022-05-31 19:41:11 [[32minfo[39m] [[36mShard[39m] Shard 1/1 is connected
2022-05-31 19:41:14 [[32minfo[39m] [[36mStatus[39m] ✅ loaded: Bot Status 
2022-05-31 20:51:05 [[32minfo[39m] [[36mCommand[39m] "s!help" (help) ran by "Isa-san#7730" (801148038269763644) on guild "Swordie Bot" (981247252217593906) channel "#staff-commands" (981260694269870090)
2022-05-31 20:51:11 [[32minfo[39m] [[36mCommand[39m] "s!help config" (help) ran by "Isa-san#7730" (801148038269763644) on guild "Swordie Bot" (981247252217593906) channel "#staff-commands" (981260694269870090)
2022-05-31 20:51:23 [[32minfo[39m] [[36mCommand[39m] "s!setlanguage dutch" (setlanguage) ran by "Isa-san#7730" (801148038269763644) on guild "Swordie Bot" (981247252217593906) channel "#staff-commands" (981260694269870090)
2022-05-31 20:51:57 [[32minfo[39m] [[36mCommand[39m] "s!setlanguage dutch" (setlanguage) ran by "Isa-san#7730" (801148038269763644) on guild "Swordie Bot" (981247252217593906) channel "#staff-commands" (981260694269870090)
2022-05-31 20:52:40 [[32minfo[39m] [[36mCommand[39m] "s!restart" (restart) ran by "Isa-san#7730" (801148038269763644) on guild "Swordie Bot" (981247252217593906) channel "#staff-commands" (981260694269870090)
2022-05-31 20:52:48 [[32minfo[39m] [[36mStatus[39m] ✅ loaded: Bot Status 
2022-05-31 20:53:45 [[32minfo[39m] [[36mCommand[39m] "s!setlanguage dutch" (setlanguage) ran by "Isa-san#7730" (801148038269763644) on guild "Swordie Bot" (981247252217593906) channel "#staff-commands" (981260694269870090)
2022-05-31 20:53:50 [[32minfo[39m] [[36mCommand[39m] "s!help" (help) ran by "Isa-san#7730" (801148038269763644) on guild "Swordie Bot" (981247252217593906) channel "#staff-commands" (981260694269870090)
2022-05-31 20:54:50 [[32minfo[39m] [[36mCommand[39m] "s!help" (help) ran by "Isa-san#7730" (801148038269763644) on guild "Swordie Bot" (981247252217593906) channel "#staff-commands" (981260694269870090)
2022-05-31 21:01:44 [[32minfo[39m] [[36mShard[39m] Launching Shard 1
2022-05-31 21:01:48 [[32minfo[39m] [[36mShard[39m] Shard 1/1 is connected
2022-05-31 21:01:51 [[32minfo[39m] [[36mStatus[39m] ✅ loaded: Bot Status 
2022-05-31 21:44:39 [[32minfo[39m] [[36mGuilds[39m] Joined to "twitch.tv/isabellnl" (892526073126981753)
2022-05-31 21:46:13 [[32minfo[39m] [[36mCommand[39m] "s!help moderation" (help) ran by "Isa-san#7730" (801148038269763644) on guild "Swordie Bot" (981247252217593906) channel "#staff-commands" (981260694269870090)
2022-05-31 22:07:56 [[32minfo[39m] [[36mCommand[39m] "s!restart" (restart) ran by "Isa-san#7730" (801148038269763644) on guild "Swordie Bot" (981247252217593906) channel "#staff-commands" (981260694269870090)
2022-05-31 22:08:05 [[32minfo[39m] [[36mStatus[39m] ✅ loaded: Bot Status 
2022-05-31 22:52:49 [[32minfo[39m] [[36mCommand[39m] "s!apply" (apply) ran by "akiras#0001" (740020432144433232) on guild "Swordie Bot" (981247252217593906) channel "#commands" (981261777692143716)
2022-05-31 23:15:44 [[32minfo[39m] [[36mCommand[39m] "s!apply" (apply) ran by "Isa-san#7730" (801148038269763644) on guild "Swordie Bot" (981247252217593906) channel "#commands" (981261777692143716)
2022-05-31 23:16:10 [[32minfo[39m] [[36mCommand[39m] "s!help applications" (help) ran by "Isa-san#7730" (801148038269763644) on guild "Swordie Bot" (981247252217593906) channel "#staff-commands" (981260694269870090)
2022-05-31 23:16:37 [[32minfo[39m] [[36mCommand[39m] "s!review" (review) ran by "Isa-san#7730" (801148038269763644) on guild "Swordie Bot" (981247252217593906) channel "#staff-commands" (981260694269870090)
2022-05-31 23:30:50 [[32minfo[39m] [[36mShard[39m] Shard 1/1 has resumed
2022-06-01 00:32:07 [[32minfo[39m] [[36mCommand[39m] "s!review" (review) ran by "Isa-san#7730" (801148038269763644) on guild "Swordie Bot" (981247252217593906) channel "#staff-commands" (981260694269870090)
2022-06-01 00:32:10 [[32minfo[39m] [[36mCommand[39m] "s!apply" (apply) ran by "Isa-san#7730" (801148038269763644) on guild "Swordie Bot" (981247252217593906) channel "#staff-commands" (981260694269870090)
2022-06-01 00:33:23 [[32minfo[39m] [[36mCommand[39m] "s!approveapp ufuLzZpg" (approveapp) ran by "Isa-san#7730" (801148038269763644) on guild "Swordie Bot" (981247252217593906) channel "#staff-logs" (981260646194757712)
2022-06-01 00:33:31 [[32minfo[39m] [[36mCommand[39m] "s!approveapp LXjuxdHa" (approveapp) ran by "Isa-san#7730" (801148038269763644) on guild "Swordie Bot" (981247252217593906) channel "#staff-logs" (981260646194757712)
2022-06-01 00:33:41 [[32minfo[39m] [[36mCommand[39m] "s!approveapp #LXjuxdHa" (approveapp) ran by "Isa-san#7730" (801148038269763644) on guild "Swordie Bot" (981247252217593906) channel "#staff-logs" (981260646194757712)
2022-06-01 00:33:56 [[32minfo[39m] [[36mCommand[39m] "s!review" (review) ran by "Isa-san#7730" (801148038269763644) on guild "Swordie Bot" (981247252217593906) channel "#staff-logs" (981260646194757712)
2022-06-01 00:34:05 [[32minfo[39m] [[36mCommand[39m] "s!approveapp #ufuLzZpg" (approveapp) ran by "Isa-san#7730" (801148038269763644) on guild "Swordie Bot" (981247252217593906) channel "#staff-logs" (981260646194757712)
2022-06-01 00:34:15 [[32minfo[39m] [[36mCommand[39m] "s!approveapp Application #ufuLzZpg" (approveapp) ran by "Isa-san#7730" (801148038269763644) on guild "Swordie Bot" (981247252217593906) channel "#staff-logs" (981260646194757712)
2022-06-01 00:34:28 [[32minfo[39m] [[36mCommand[39m] "s!approveapp" (approveapp) ran by "Isa-san#7730" (801148038269763644) on guild "Swordie Bot" (981247252217593906) channel "#staff-commands" (981260694269870090)
2022-06-01 00:34:45 [[32minfo[39m] [[36mCommand[39m] "s!review #ufuLzZpg" (review) ran by "Isa-san#7730" (801148038269763644) on guild "Swordie Bot" (981247252217593906) channel "#staff-commands" (981260694269870090)
2022-06-01 00:34:52 [[32minfo[39m] [[36mCommand[39m] "s!review 1" (review) ran by "Isa-san#7730" (801148038269763644) on guild "Swordie Bot" (981247252217593906) channel "#staff-commands" (981260694269870090)
2022-06-01 00:35:00 [[32minfo[39m] [[36mCommand[39m] "s!approveapp 1" (approveapp) ran by "Isa-san#7730" (801148038269763644) on guild "Swordie Bot" (981247252217593906) channel "#staff-logs" (981260646194757712)
2022-06-01 00:35:58 [[32minfo[39m] [[36mCommand[39m] "s!close" (closeticket) ran by "Isa-san#7730" (801148038269763644) on guild "Swordie Bot" (981247252217593906) channel "#ticket-80117730" (981355362898837554)
2022-06-01 00:43:49 [[32minfo[39m] [[36mCommand[39m] "s!restart" (restart) ran by "Isa-san#7730" (801148038269763644) on guild "Swordie Bot" (981247252217593906) channel "#staff-commands" (981260694269870090)
2022-06-01 00:44:01 [[32minfo[39m] [[36mStatus[39m] ✅ loaded: Bot Status 
2022-06-01 00:44:18 [[32minfo[39m] [[36mCommand[39m] "s!close" (closeticket) ran by "Isa-san#7730" (801148038269763644) on guild "Swordie Bot" (981247252217593906) channel "#ticket-80117730" (981357460776448031)
2022-06-01 01:11:52 [[32minfo[39m] [[36mShard[39m] Shard 1/1 has resumed
2022-06-01 01:13:09 [[32minfo[39m] [[36mShard[39m] Launching Shard 1
2022-06-01 01:13:20 [[32minfo[39m] [[36mStatus[39m] ✅ loaded: Bot Status 
2022-06-01 01:16:36 [[32minfo[39m] [[36mShard[39m] Launching Shard 1
2022-06-01 01:16:47 [[32minfo[39m] [[36mStatus[39m] ✅ loaded: Bot Status 
2022-06-01 01:17:43 [[32minfo[39m] [[36mShard[39m] Launching Shard 1
2022-06-01 01:17:48 [[32minfo[39m] [[36mShard[39m] Shard 1/1 is connected
2022-06-01 01:17:54 [[32minfo[39m] [[36mStatus[39m] ✅ loaded: Bot Status 
2022-06-01 01:20:26 [[32minfo[39m] [[36mCommand[39m] "s!restart" (restart) ran by "Isa-san#7730" (801148038269763644) on guild "Swordie Bot" (981247252217593906) channel "#staff-logs" (981260646194757712)
2022-06-01 01:20:34 [[32minfo[39m] [[36mStatus[39m] ✅ loaded: Bot Status 
2022-06-01 01:22:16 [[32minfo[39m] [[36mCommand[39m] "s!restart" (restart) ran by "Isa-san#7730" (801148038269763644) on guild "Swordie Bot" (981247252217593906) channel "#swordie-logs" (981260624233385994)
2022-06-01 01:22:20 [[32minfo[39m] [[36mShard[39m] Shard 1/1 is connected
2022-06-01 01:22:24 [[32minfo[39m] [[36mStatus[39m] ✅ loaded: Bot Status 
2022-06-01 01:23:32 [[32minfo[39m] [[36mGuilds[39m] Joined to "Wave Hub (Orca RL)" (878266509909172295)
2022-06-01 01:31:58 [[32minfo[39m] [[36mCommand[39m] "s!close" (closeticket) ran by "Isa-san#7730" (801148038269763644) on guild "Swordie Bot" (981247252217593906) channel "#ticket-80117730" (981369464048210030)
2022-06-01 01:34:32 [[32minfo[39m] [[36mCommand[39m] "s!help" (help) ran by "Isa-san#7730" (801148038269763644) on guild "Swordie Bot" (981247252217593906) channel "#staff-commands" (981260694269870090)
2022-06-01 01:34:41 [[32minfo[39m] [[36mCommand[39m] "s!help config" (help) ran by "Isa-san#7730" (801148038269763644) on guild "Swordie Bot" (981247252217593906) channel "#staff-commands" (981260694269870090)
2022-06-01 01:34:50 [[32minfo[39m] [[36mCommand[39m] "s!createcommand" (createcommand) ran by "Isa-san#7730" (801148038269763644) on guild "Swordie Bot" (981247252217593906) channel "#staff-commands" (981260694269870090)
2022-06-01 01:35:11 [[32minfo[39m] [[36mCommand[39m] "s!createcommand pro u are pro" (createcommand) ran by "Isa-san#7730" (801148038269763644) on guild "Swordie Bot" (981247252217593906) channel "#staff-commands" (981260694269870090)
2022-06-01 01:41:10 [[32minfo[39m] [[36mCommand[39m] "s!report" (report) ran by "Isa-san#7730" (801148038269763644) on guild "Swordie Bot" (981247252217593906) channel "#commands" (981261777692143716)
2022-06-01 01:41:23 [[32minfo[39m] [[36mCommand[39m] "s!report <@481904702087233566> testing" (report) ran by "Isa-san#7730" (801148038269763644) on guild "Swordie Bot" (981247252217593906) channel "#commands" (981261777692143716)
2022-06-01 01:41:34 [[32minfo[39m] [[36mCommand[39m] "s!report user <@481904702087233566> testing" (report) ran by "Isa-san#7730" (801148038269763644) on guild "Swordie Bot" (981247252217593906) channel "#commands" (981261777692143716)
2022-06-01 01:43:54 [[32minfo[39m] [[36mCommand[39m] "s!suggest add meme channel" (suggest) ran by "Isa-san#7730" (801148038269763644) on guild "Swordie Bot" (981247252217593906) channel "#staff-chat" (981260670609805312)
2022-06-01 01:44:55 [[32minfo[39m] [[36mCommand[39m] "s!suggest Customize your Suggestion Template

Add a Meme channel

Even Reactions!" (suggest) ran by "Isa-san#7730" (801148038269763644) on guild "Swordie Bot" (981247252217593906) channel "#staff-chat" (981260670609805312)
2022-06-01 01:46:32 [[32minfo[39m] [[36mCommand[39m] "s!suggest Add a Meme channel" (suggest) ran by "Isa-san#7730" (801148038269763644) on guild "Swordie Bot" (981247252217593906) channel "#staff-chat" (981260670609805312)
2022-06-01 02:07:40 [[32minfo[39m] [[36mDebug[39m] 429 hit on route /gateway/bot
2022-06-01 02:09:34 [[32minfo[39m] [[36mDebug[39m] 429 hit on route /gateway/bot
2022-06-01 02:11:13 [[32minfo[39m] [[36mDebug[39m] 429 hit on route /gateway/bot
2022-06-01 02:12:34 [[32minfo[39m] [[36mDebug[39m] 429 hit on route /gateway/bot
2022-06-01 02:13:59 [[32minfo[39m] [[36mDebug[39m] 429 hit on route /gateway/bot
2022-06-01 02:15:24 [[32minfo[39m] [[36mDebug[39m] 429 hit on route /gateway/bot
2022-06-01 02:16:49 [[32minfo[39m] [[36mDebug[39m] 429 hit on route /gateway/bot
2022-06-01 02:18:14 [[32minfo[39m] [[36mDebug[39m] 429 hit on route /gateway/bot
2022-06-01 02:19:38 [[32minfo[39m] [[36mDebug[39m] 429 hit on route /gateway/bot
2022-06-01 02:21:03 [[32minfo[39m] [[36mDebug[39m] 429 hit on route /gateway/bot
2022-06-01 02:22:28 [[32minfo[39m] [[36mDebug[39m] 429 hit on route /gateway/bot
2022-06-01 02:22:44 [[32minfo[39m] [[36mDebug[39m] 429 hit on route /gateway/bot
2022-06-01 02:24:02 [[32minfo[39m] [[36mDebug[39m] 429 hit on route /gateway/bot
2022-06-01 02:25:27 [[32minfo[39m] [[36mDebug[39m] 429 hit on route /gateway/bot
2022-06-01 02:26:51 [[32minfo[39m] [[36mDebug[39m] 429 hit on route /gateway/bot
2022-06-01 02:28:15 [[32minfo[39m] [[36mDebug[39m] 429 hit on route /gateway/bot
2022-06-01 02:29:39 [[32minfo[39m] [[36mDebug[39m] 429 hit on route /gateway/bot
2022-06-01 02:31:03 [[32minfo[39m] [[36mDebug[39m] 429 hit on route /gateway/bot
2022-06-01 02:32:27 [[32minfo[39m] [[36mDebug[39m] 429 hit on route /gateway/bot
2022-06-01 02:33:51 [[32minfo[39m] [[36mDebug[39m] 429 hit on route /gateway/bot
2022-06-01 02:33:59 [[32minfo[39m] [[36mDebug[39m] 429 hit on route /gateway/bot
2022-06-01 02:35:19 [[32minfo[39m] [[36mDebug[39m] 429 hit on route /gateway/bot
2022-06-01 02:36:42 [[32minfo[39m] [[36mDebug[39m] 429 hit on route /gateway/bot
2022-06-01 02:38:06 [[32minfo[39m] [[36mDebug[39m] 429 hit on route /gateway/bot
2022-06-01 02:39:30 [[32minfo[39m] [[36mDebug[39m] 429 hit on route /gateway/bot
2022-06-01 02:40:53 [[32minfo[39m] [[36mDebug[39m] 429 hit on route /gateway/bot
2022-06-01 02:42:16 [[32minfo[39m] [[36mDebug[39m] 429 hit on route /gateway/bot
2022-06-01 02:43:40 [[32minfo[39m] [[36mDebug[39m] 429 hit on route /gateway/bot
2022-06-01 02:45:03 [[32minfo[39m] [[36mDebug[39m] 429 hit on route /gateway/bot
2022-06-01 02:45:10 [[32minfo[39m] [[36mDebug[39m] 429 hit on route /gateway/bot
2022-06-01 02:46:29 [[32minfo[39m] [[36mDebug[39m] 429 hit on route /gateway/bot
2022-06-01 02:47:52 [[32minfo[39m] [[36mDebug[39m] 429 hit on route /gateway/bot
2022-06-01 02:49:15 [[32minfo[39m] [[36mDebug[39m] 429 hit on route /gateway/bot
2022-06-01 02:50:38 [[32minfo[39m] [[36mDebug[39m] 429 hit on route /gateway/bot
2022-06-01 02:52:01 [[32minfo[39m] [[36mDebug[39m] 429 hit on route /gateway/bot
2022-06-01 02:53:24 [[32minfo[39m] [[36mDebug[39m] 429 hit on route /gateway/bot
2022-06-01 02:54:46 [[32minfo[39m] [[36mDebug[39m] 429 hit on route /gateway/bot
2022-06-01 02:56:09 [[32minfo[39m] [[36mDebug[39m] 429 hit on route /gateway/bot
2022-06-01 02:56:15 [[32minfo[39m] [[36mDebug[39m] 429 hit on route /gateway/bot
2022-06-01 02:57:34 [[32minfo[39m] [[36mDebug[39m] 429 hit on route /gateway/bot
2022-06-01 02:58:56 [[32minfo[39m] [[36mDebug[39m] 429 hit on route /gateway/bot
2022-06-01 03:00:19 [[32minfo[39m] [[36mDebug[39m] 429 hit on route /gateway/bot
2022-06-01 03:06:34 [[32minfo[39m] [[36mStatus[39m] ✅ loaded Maintenance Mode 
2022-06-01 04:04:49 [[32minfo[39m] [[36mShard[39m] Shard 1/1 has resumed
2022-06-01 06:53:15 [[32minfo[39m] [[36mShard[39m] Shard 1/1 has resumed
2022-06-01 07:51:15 [[32minfo[39m] [[36mShard[39m] Shard 1/1 has resumed
2022-06-01 10:55:55 [[32minfo[39m] [[36mShard[39m] Shard 1/1 has resumed
2022-06-01 11:11:48 [[32minfo[39m] [[36mStatus[39m] ✅ loaded Maintenance Mode 
2022-06-01 13:41:58 [[31merror[39m] [[36mDatabase[39m] Mongoose connection lost
2022-06-01 13:57:20 [[32minfo[39m] [[36mShard[39m] Shard 1/1 has resumed
2022-06-01 14:44:28 [[32minfo[39m] [[36mCommand[39m] "s!maintenance disable" (maintenance) ran by "Isa-san#7730" (801148038269763644) on guild "Swordie Bot" (981247252217593906) channel "#staff-commands" (981260694269870090)
2022-06-01 14:44:38 [[32minfo[39m] [[36mStatus[39m] ✅ loaded: Bot Status 
2022-06-01 14:51:47 [[32minfo[39m] [[36mStatus[39m] ✅ loaded: Bot Status 
2022-06-01 14:56:30 [[32minfo[39m] [[36mStatus[39m] ✅ loaded: Bot Status 
2022-06-01 15:22:23 [[32minfo[39m] [[36mCommand[39m] "s!apply" (apply) ran by "! Pascual#6717" (771125436263432252) on guild "Swordie Bot" (981247252217593906) channel "#commands" (981261777692143716)
2022-06-01 15:24:32 [[32minfo[39m] [[36mGuilds[39m] Joined to "𝙇𝘼 𝘾𝘼𝙎𝘼 𝘿𝙀 𝙍𝘼𝙔🗡2" (944359913260482570)
2022-06-01 15:26:20 [[32minfo[39m] [[36mCommand[39m] "s!servers" (servers) ran by "Isa-san#7730" (801148038269763644) on guild "Swordie Bot" (981247252217593906) channel "#swordie-logs" (981260624233385994)
2022-06-01 15:29:03 [[32minfo[39m] [[36mCommand[39m] "s!help" (help) ran by "Isa-san#7730" (801148038269763644) on guild "Swordie Bot" (981247252217593906) channel "#commands" (981261777692143716)
2022-06-01 15:29:12 [[32minfo[39m] [[36mCommand[39m] "s!help utility" (help) ran by "Isa-san#7730" (801148038269763644) on guild "Swordie Bot" (981247252217593906) channel "#commands" (981261777692143716)
2022-06-01 15:29:32 [[32minfo[39m] [[36mCommand[39m] "s!reportbug aaa" (reportbug) ran by "Isa-san#7730" (801148038269763644) on guild "Swordie Bot" (981247252217593906) channel "#swordie-logs" (981260624233385994)
2022-06-01 15:30:18 [[32minfo[39m] [[36mCommand[39m] "s!help economy" (help) ran by "! Pascual#6717" (771125436263432252) on guild "Swordie Bot" (981247252217593906) channel "#commands" (981261777692143716)
2022-06-01 16:27:10 [[32minfo[39m] [[36mCommand[39m] "s!help" (help) ran by "Isa-san#7730" (801148038269763644) on guild "Swordie Bot" (981247252217593906) channel "#commands" (981261777692143716)
2022-06-01 16:27:41 [[32minfo[39m] [[36mCommand[39m] "s!help utilty" (help) ran by "Isa-san#7730" (801148038269763644) on guild "Swordie Bot" (981247252217593906) channel "#commands" (981261777692143716)
2022-06-01 16:27:48 [[32minfo[39m] [[36mCommand[39m] "s!help utility" (help) ran by "Isa-san#7730" (801148038269763644) on guild "Swordie Bot" (981247252217593906) channel "#commands" (981261777692143716)
2022-06-01 16:28:00 [[32minfo[39m] [[36mCommand[39m] "s!restart" (restart) ran by "Isa-san#7730" (801148038269763644) on guild "Swordie Bot" (981247252217593906) channel "#commands" (981261777692143716)
2022-06-01 16:28:20 [[32minfo[39m] [[36mStatus[39m] ✅ loaded: Bot Status 
2022-06-01 16:28:43 [[32minfo[39m] [[36mCommand[39m] "s!help" (help) ran by "Isa-san#7730" (801148038269763644) on guild "Swordie Bot" (981247252217593906) channel "#commands" (981261777692143716)
2022-06-01 16:28:49 [[32minfo[39m] [[36mCommand[39m] "s!help utility" (help) ran by "Isa-san#7730" (801148038269763644) on guild "Swordie Bot" (981247252217593906) channel "#commands" (981261777692143716)
2022-06-01 16:29:31 [[32minfo[39m] [[36mCommand[39m] "s!suggestbot pro gamer features" (suggestbot) ran by "Isa-san#7730" (801148038269763644) on guild "Swordie Bot" (981247252217593906) channel "#commands" (981261777692143716)
2022-06-01 17:07:57 [[32minfo[39m] [[36mShard[39m] Shard 1/1 has resumed
2022-06-01 17:16:11 [[32minfo[39m] [[36mShard[39m] Shard 1/1 is connected
2022-06-01 17:16:17 [[32minfo[39m] [[36mStatus[39m] ✅ loaded: Bot Status 
2022-06-01 18:00:39 [[32minfo[39m] [[36mShard[39m] Shard 1/1 has resumed
2022-06-01 18:16:54 [[32minfo[39m] [[36mShard[39m] Shard 1/1 has resumed
2022-06-01 19:17:19 [[32minfo[39m] [[36mCommand[39m] "s!servers" (servers) ran by "Isa-san#7730" (801148038269763644) on guild "Swordie Bot" (981247252217593906) channel "#staff-commands" (981260694269870090)
2022-06-01 19:37:19 [[32minfo[39m] [[36mStatus[39m] ✅ loaded: Bot Status 
2022-06-01 20:22:06 [[32minfo[39m] [[36mCommand[39m] "s!shorturl https://www.roblox.com/" (shorturl) ran by "Isa-san#7730" (801148038269763644) on guild "Swordie Bot" (981247252217593906) channel "#commands" (981261777692143716)
2022-06-01 20:48:13 [[32minfo[39m] [[36mShard[39m] Shard 1/1 has resumed
2022-06-01 21:16:33 [[32minfo[39m] [[36mDebug[39m] 429 hit on route /gateway/bot
2022-06-01 21:16:34 [[32minfo[39m] [[36mDebug[39m] 429 hit on route /gateway/bot
2022-06-01 21:16:39 [[32minfo[39m] [[36mDebug[39m] 429 hit on route /gateway/bot
2022-06-01 21:16:43 [[32minfo[39m] [[36mDebug[39m] 429 hit on route /gateway/bot
2022-06-01 21:16:48 [[32minfo[39m] [[36mDebug[39m] 429 hit on route /gateway/bot
2022-06-01 21:16:52 [[32minfo[39m] [[36mDebug[39m] 429 hit on route /gateway/bot
2022-06-01 21:16:56 [[32minfo[39m] [[36mDebug[39m] 429 hit on route /gateway/bot
2022-06-01 21:17:01 [[32minfo[39m] [[36mDebug[39m] 429 hit on route /gateway/bot
2022-06-01 21:17:05 [[32minfo[39m] [[36mDebug[39m] 429 hit on route /gateway/bot
2022-06-01 21:17:18 [[32minfo[39m] [[36mDebug[39m] 429 hit on route /gateway/bot
2022-06-01 21:17:20 [[32minfo[39m] [[36mDebug[39m] 429 hit on route /gateway/bot
2022-06-01 21:17:28 [[32minfo[39m] [[36mDebug[39m] 429 hit on route /gateway/bot
2022-06-01 21:17:33 [[32minfo[39m] [[36mDebug[39m] 429 hit on route /gateway/bot
2022-06-01 21:17:37 [[32minfo[39m] [[36mDebug[39m] 429 hit on route /gateway/bot
2022-06-01 21:17:42 [[32minfo[39m] [[36mDebug[39m] 429 hit on route /gateway/bot
2022-06-01 21:17:46 [[32minfo[39m] [[36mDebug[39m] 429 hit on route /gateway/bot
2022-06-01 21:17:50 [[32minfo[39m] [[36mDebug[39m] 429 hit on route /gateway/bot
2022-06-01 21:17:55 [[32minfo[39m] [[36mDebug[39m] 429 hit on route /gateway/bot
2022-06-01 21:18:20 [[32minfo[39m] [[36mDebug[39m] 429 hit on route /gateway/bot
2022-06-01 21:18:21 [[32minfo[39m] [[36mDebug[39m] 429 hit on route /gateway/bot
2022-06-01 21:18:26 [[32minfo[39m] [[36mDebug[39m] 429 hit on route /gateway/bot
2022-06-01 21:18:30 [[32minfo[39m] [[36mDebug[39m] 429 hit on route /gateway/bot
2022-06-01 21:18:38 [[32minfo[39m] [[36mDebug[39m] 429 hit on route /gateway/bot
2022-06-01 21:18:42 [[32minfo[39m] [[36mDebug[39m] 429 hit on route /gateway/bot
2022-06-01 21:18:46 [[32minfo[39m] [[36mDebug[39m] 429 hit on route /gateway/bot
2022-06-01 21:18:51 [[32minfo[39m] [[36mDebug[39m] 429 hit on route /gateway/bot
2022-06-01 21:18:55 [[32minfo[39m] [[36mDebug[39m] 429 hit on route /gateway/bot
2022-06-01 21:19:17 [[32minfo[39m] [[36mDebug[39m] 429 hit on route /gateway/bot
2022-06-01 21:19:18 [[32minfo[39m] [[36mDebug[39m] 429 hit on route /gateway/bot
2022-06-01 21:19:23 [[32minfo[39m] [[36mDebug[39m] 429 hit on route /gateway/bot
2022-06-01 21:19:29 [[32minfo[39m] [[36mDebug[39m] 429 hit on route /gateway/bot
2022-06-01 21:19:39 [[32minfo[39m] [[36mDebug[39m] 429 hit on route /gateway/bot
2022-06-01 21:19:43 [[32minfo[39m] [[36mDebug[39m] 429 hit on route /gateway/bot
2022-06-01 21:19:47 [[32minfo[39m] [[36mDebug[39m] 429 hit on route /gateway/bot
2022-06-01 21:19:52 [[32minfo[39m] [[36mDebug[39m] 429 hit on route /gateway/bot
2022-06-01 21:19:56 [[32minfo[39m] [[36mDebug[39m] 429 hit on route /gateway/bot
2022-06-01 21:20:26 [[32minfo[39m] [[36mDebug[39m] 429 hit on route /gateway/bot
2022-06-01 21:20:29 [[32minfo[39m] [[36mDebug[39m] 429 hit on route /gateway/bot
2022-06-01 21:20:33 [[32minfo[39m] [[36mDebug[39m] 429 hit on route /gateway/bot
2022-06-01 21:20:38 [[32minfo[39m] [[36mDebug[39m] 429 hit on route /gateway/bot
2022-06-01 21:20:45 [[32minfo[39m] [[36mDebug[39m] 429 hit on route /gateway/bot
2022-06-01 21:20:50 [[32minfo[39m] [[36mDebug[39m] 429 hit on route /gateway/bot
2022-06-01 21:20:54 [[32minfo[39m] [[36mDebug[39m] 429 hit on route /gateway/bot
2022-06-01 21:20:58 [[32minfo[39m] [[36mDebug[39m] 429 hit on route /gateway/bot
2022-06-01 21:21:02 [[32minfo[39m] [[36mDebug[39m] 429 hit on route /gateway/bot
2022-06-01 21:21:33 [[32minfo[39m] [[36mDebug[39m] 429 hit on route /gateway/bot
2022-06-01 21:21:35 [[32minfo[39m] [[36mDebug[39m] 429 hit on route /gateway/bot
2022-06-01 21:21:41 [[32minfo[39m] [[36mDebug[39m] 429 hit on route /gateway/bot
2022-06-01 21:21:48 [[32minfo[39m] [[36mDebug[39m] 429 hit on route /gateway/bot
2022-06-01 21:22:04 [[32minfo[39m] [[36mDebug[39m] 429 hit on route /gateway/bot
2022-06-01 21:22:08 [[32minfo[39m] [[36mDebug[39m] 429 hit on route /gateway/bot
2022-06-01 21:22:12 [[32minfo[39m] [[36mDebug[39m] 429 hit on route /gateway/bot
2022-06-01 21:22:16 [[32minfo[39m] [[36mDebug[39m] 429 hit on route /gateway/bot
2022-06-01 21:22:21 [[32minfo[39m] [[36mDebug[39m] 429 hit on route /gateway/bot
2022-06-01 21:22:44 [[32minfo[39m] [[36mDebug[39m] 429 hit on route /gateway/bot
2022-06-01 21:22:46 [[32minfo[39m] [[36mDebug[39m] 429 hit on route /gateway/bot
2022-06-01 21:22:54 [[32minfo[39m] [[36mDebug[39m] 429 hit on route /gateway/bot
2022-06-01 21:22:58 [[32minfo[39m] [[36mDebug[39m] 429 hit on route /gateway/bot
2022-06-01 21:23:09 [[32minfo[39m] [[36mDebug[39m] 429 hit on route /gateway/bot
2022-06-01 21:23:13 [[32minfo[39m] [[36mDebug[39m] 429 hit on route /gateway/bot
2022-06-01 21:23:17 [[32minfo[39m] [[36mDebug[39m] 429 hit on route /gateway/bot
2022-06-01 21:23:21 [[32minfo[39m] [[36mDebug[39m] 429 hit on route /gateway/bot
2022-06-01 21:23:25 [[32minfo[39m] [[36mDebug[39m] 429 hit on route /gateway/bot
2022-06-01 21:23:50 [[32minfo[39m] [[36mDebug[39m] 429 hit on route /gateway/bot
2022-06-01 21:23:53 [[32minfo[39m] [[36mDebug[39m] 429 hit on route /gateway/bot
2022-06-01 21:23:56 [[32minfo[39m] [[36mDebug[39m] 429 hit on route /gateway/bot
2022-06-01 21:24:00 [[32minfo[39m] [[36mDebug[39m] 429 hit on route /gateway/bot
2022-06-01 21:24:04 [[32minfo[39m] [[36mDebug[39m] 429 hit on route /gateway/bot
2022-06-01 21:24:08 [[32minfo[39m] [[36mDebug[39m] 429 hit on route /gateway/bot
2022-06-01 21:24:12 [[32minfo[39m] [[36mDebug[39m] 429 hit on route /gateway/bot
2022-06-01 21:24:16 [[32minfo[39m] [[36mDebug[39m] 429 hit on route /gateway/bot
2022-06-01 21:24:20 [[32minfo[39m] [[36mDebug[39m] 429 hit on route /gateway/bot
2022-06-01 21:24:31 [[32minfo[39m] [[36mDebug[39m] 429 hit on route /gateway/bot
2022-06-01 21:24:32 [[32minfo[39m] [[36mDebug[39m] 429 hit on route /gateway/bot
2022-06-01 21:24:36 [[32minfo[39m] [[36mDebug[39m] 429 hit on route /gateway/bot
2022-06-01 21:24:40 [[32minfo[39m] [[36mDebug[39m] 429 hit on route /gateway/bot
2022-06-01 21:24:44 [[32minfo[39m] [[36mDebug[39m] 429 hit on route /gateway/bot
2022-06-01 21:24:48 [[32minfo[39m] [[36mDebug[39m] 429 hit on route /gateway/bot
2022-06-01 21:24:52 [[32minfo[39m] [[36mDebug[39m] 429 hit on route /gateway/bot
2022-06-01 21:24:56 [[32minfo[39m] [[36mDebug[39m] 429 hit on route /gateway/bot
2022-06-01 21:25:00 [[32minfo[39m] [[36mDebug[39m] 429 hit on route /gateway/bot
2022-06-01 21:25:07 [[32minfo[39m] [[36mDebug[39m] 429 hit on route /gateway/bot
2022-06-01 21:25:08 [[32minfo[39m] [[36mDebug[39m] 429 hit on route /gateway/bot
2022-06-01 21:25:12 [[32minfo[39m] [[36mDebug[39m] 429 hit on route /gateway/bot
2022-06-01 21:25:16 [[32minfo[39m] [[36mDebug[39m] 429 hit on route /gateway/bot
2022-06-01 21:25:20 [[32minfo[39m] [[36mDebug[39m] 429 hit on route /gateway/bot
2022-06-01 21:25:24 [[32minfo[39m] [[36mDebug[39m] 429 hit on route /gateway/bot
2022-06-01 21:25:28 [[32minfo[39m] [[36mDebug[39m] 429 hit on route /gateway/bot
2022-06-01 21:25:32 [[32minfo[39m] [[36mDebug[39m] 429 hit on route /gateway/bot
2022-06-01 21:25:35 [[32minfo[39m] [[36mDebug[39m] 429 hit on route /gateway/bot
2022-06-01 21:25:43 [[32minfo[39m] [[36mDebug[39m] 429 hit on route /gateway/bot
2022-06-01 21:25:45 [[32minfo[39m] [[36mDebug[39m] 429 hit on route /gateway/bot
2022-06-01 21:25:49 [[32minfo[39m] [[36mDebug[39m] 429 hit on route /gateway/bot
2022-06-01 21:25:53 [[32minfo[39m] [[36mDebug[39m] 429 hit on route /gateway/bot
2022-06-01 21:25:56 [[32minfo[39m] [[36mDebug[39m] 429 hit on route /gateway/bot
2022-06-01 21:26:00 [[32minfo[39m] [[36mDebug[39m] 429 hit on route /gateway/bot
2022-06-01 21:26:04 [[32minfo[39m] [[36mDebug[39m] 429 hit on route /gateway/bot
2022-06-01 21:26:08 [[32minfo[39m] [[36mDebug[39m] 429 hit on route /gateway/bot
2022-06-01 21:26:12 [[32minfo[39m] [[36mDebug[39m] 429 hit on route /gateway/bot
2022-06-01 21:26:19 [[32minfo[39m] [[36mDebug[39m] 429 hit on route /gateway/bot
2022-06-01 21:26:19 [[32minfo[39m] [[36mDebug[39m] 429 hit on route /gateway/bot
2022-06-01 21:26:23 [[32minfo[39m] [[36mDebug[39m] 429 hit on route /gateway/bot
2022-06-01 21:26:26 [[32minfo[39m] [[36mDebug[39m] 429 hit on route /gateway/bot
2022-06-01 21:26:30 [[32minfo[39m] [[36mDebug[39m] 429 hit on route /gateway/bot
2022-06-01 21:26:34 [[32minfo[39m] [[36mDebug[39m] 429 hit on route /gateway/bot
2022-06-01 21:26:38 [[32minfo[39m] [[36mDebug[39m] 429 hit on route /gateway/bot
2022-06-01 21:26:42 [[32minfo[39m] [[36mDebug[39m] 429 hit on route /gateway/bot
2022-06-01 21:26:46 [[32minfo[39m] [[36mDebug[39m] 429 hit on route /gateway/bot
2022-06-01 21:26:52 [[32minfo[39m] [[36mDebug[39m] 429 hit on route /gateway/bot
2022-06-01 21:26:53 [[32minfo[39m] [[36mDebug[39m] 429 hit on route /gateway/bot
2022-06-01 21:26:56 [[32minfo[39m] [[36mDebug[39m] 429 hit on route /gateway/bot
2022-06-01 21:27:00 [[32minfo[39m] [[36mDebug[39m] 429 hit on route /gateway/bot
2022-06-01 21:27:04 [[32minfo[39m] [[36mDebug[39m] 429 hit on route /gateway/bot
2022-06-01 21:27:08 [[32minfo[39m] [[36mDebug[39m] 429 hit on route /gateway/bot
2022-06-01 21:27:11 [[32minfo[39m] [[36mDebug[39m] 429 hit on route /gateway/bot
2022-06-01 21:27:15 [[32minfo[39m] [[36mDebug[39m] 429 hit on route /gateway/bot
2022-06-01 21:27:19 [[32minfo[39m] [[36mDebug[39m] 429 hit on route /gateway/bot
2022-06-01 21:27:25 [[32minfo[39m] [[36mDebug[39m] 429 hit on route /gateway/bot
2022-06-01 21:27:26 [[32minfo[39m] [[36mDebug[39m] 429 hit on route /gateway/bot
2022-06-01 21:27:30 [[32minfo[39m] [[36mDebug[39m] 429 hit on route /gateway/bot
2022-06-01 21:27:34 [[32minfo[39m] [[36mDebug[39m] 429 hit on route /gateway/bot
2022-06-01 21:27:38 [[32minfo[39m] [[36mDebug[39m] 429 hit on route /gateway/bot
2022-06-01 21:27:41 [[32minfo[39m] [[36mDebug[39m] 429 hit on route /gateway/bot
2022-06-01 21:27:45 [[32minfo[39m] [[36mDebug[39m] 429 hit on route /gateway/bot
2022-06-01 21:27:49 [[32minfo[39m] [[36mDebug[39m] 429 hit on route /gateway/bot
2022-06-01 21:27:53 [[32minfo[39m] [[36mDebug[39m] 429 hit on route /gateway/bot
2022-06-01 21:27:59 [[32minfo[39m] [[36mDebug[39m] 429 hit on route /gateway/bot
2022-06-01 21:27:59 [[32minfo[39m] [[36mDebug[39m] 429 hit on route /gateway/bot
2022-06-01 21:28:03 [[32minfo[39m] [[36mDebug[39m] 429 hit on route /gateway/bot
2022-06-01 21:28:07 [[32minfo[39m] [[36mDebug[39m] 429 hit on route /gateway/bot
2022-06-01 21:28:11 [[32minfo[39m] [[36mDebug[39m] 429 hit on route /gateway/bot
2022-06-01 21:28:14 [[32minfo[39m] [[36mDebug[39m] 429 hit on route /gateway/bot
2022-06-01 21:28:18 [[32minfo[39m] [[36mDebug[39m] 429 hit on route /gateway/bot
2022-06-01 21:28:22 [[32minfo[39m] [[36mDebug[39m] 429 hit on route /gateway/bot
2022-06-01 21:28:26 [[32minfo[39m] [[36mDebug[39m] 429 hit on route /gateway/bot
2022-06-01 21:28:32 [[32minfo[39m] [[36mDebug[39m] 429 hit on route /gateway/bot
2022-06-01 21:28:32 [[32minfo[39m] [[36mDebug[39m] 429 hit on route /gateway/bot
2022-06-01 21:28:36 [[32minfo[39m] [[36mDebug[39m] 429 hit on route /gateway/bot
2022-06-01 21:28:40 [[32minfo[39m] [[36mDebug[39m] 429 hit on route /gateway/bot
2022-06-01 21:28:43 [[32minfo[39m] [[36mDebug[39m] 429 hit on route /gateway/bot
2022-06-01 21:28:47 [[32minfo[39m] [[36mDebug[39m] 429 hit on route /gateway/bot
2022-06-01 21:28:51 [[32minfo[39m] [[36mDebug[39m] 429 hit on route /gateway/bot
2022-06-01 21:28:54 [[32minfo[39m] [[36mDebug[39m] 429 hit on route /gateway/bot
2022-06-01 21:28:58 [[32minfo[39m] [[36mDebug[39m] 429 hit on route /gateway/bot
2022-06-01 21:29:03 [[32minfo[39m] [[36mDebug[39m] 429 hit on route /gateway/bot
2022-06-01 21:29:05 [[32minfo[39m] [[36mDebug[39m] 429 hit on route /gateway/bot
2022-06-01 21:29:08 [[32minfo[39m] [[36mDebug[39m] 429 hit on route /gateway/bot
2022-06-01 21:29:12 [[32minfo[39m] [[36mDebug[39m] 429 hit on route /gateway/bot
2022-06-01 21:29:16 [[32minfo[39m] [[36mDebug[39m] 429 hit on route /gateway/bot
2022-06-01 21:29:19 [[32minfo[39m] [[36mDebug[39m] 429 hit on route /gateway/bot
2022-06-01 21:29:23 [[32minfo[39m] [[36mDebug[39m] 429 hit on route /gateway/bot
2022-06-01 21:29:27 [[32minfo[39m] [[36mDebug[39m] 429 hit on route /gateway/bot
2022-06-01 21:29:30 [[32minfo[39m] [[36mDebug[39m] 429 hit on route /gateway/bot
2022-06-01 21:29:36 [[32minfo[39m] [[36mDebug[39m] 429 hit on route /gateway/bot
2022-06-01 21:29:36 [[32minfo[39m] [[36mDebug[39m] 429 hit on route /gateway/bot
2022-06-01 21:29:40 [[32minfo[39m] [[36mDebug[39m] 429 hit on route /gateway/bot
2022-06-01 21:29:44 [[32minfo[39m] [[36mDebug[39m] 429 hit on route /gateway/bot
2022-06-01 21:29:47 [[32minfo[39m] [[36mDebug[39m] 429 hit on route /gateway/bot
2022-06-01 21:29:51 [[32minfo[39m] [[36mDebug[39m] 429 hit on route /gateway/bot
2022-06-01 21:29:55 [[32minfo[39m] [[36mDebug[39m] 429 hit on route /gateway/bot
2022-06-01 21:29:58 [[32minfo[39m] [[36mDebug[39m] 429 hit on route /gateway/bot
2022-06-01 21:30:02 [[32minfo[39m] [[36mDebug[39m] 429 hit on route /gateway/bot
2022-06-01 21:30:08 [[32minfo[39m] [[36mDebug[39m] 429 hit on route /gateway/bot
2022-06-01 21:30:08 [[32minfo[39m] [[36mDebug[39m] 429 hit on route /gateway/bot
2022-06-01 21:30:12 [[32minfo[39m] [[36mDebug[39m] 429 hit on route /gateway/bot
2022-06-01 21:30:15 [[32minfo[39m] [[36mDebug[39m] 429 hit on route /gateway/bot
2022-06-01 21:30:19 [[32minfo[39m] [[36mDebug[39m] 429 hit on route /gateway/bot
2022-06-01 21:30:23 [[32minfo[39m] [[36mDebug[39m] 429 hit on route /gateway/bot
2022-06-01 21:30:26 [[32minfo[39m] [[36mDebug[39m] 429 hit on route /gateway/bot
2022-06-01 21:30:30 [[32minfo[39m] [[36mDebug[39m] 429 hit on route /gateway/bot
2022-06-01 21:30:33 [[32minfo[39m] [[36mDebug[39m] 429 hit on route /gateway/bot
2022-06-01 21:30:40 [[32minfo[39m] [[36mDebug[39m] 429 hit on route /gateway/bot
2022-06-01 21:30:41 [[32minfo[39m] [[36mDebug[39m] 429 hit on route /gateway/bot
2022-06-01 21:30:44 [[32minfo[39m] [[36mDebug[39m] 429 hit on route /gateway/bot
2022-06-01 21:30:48 [[32minfo[39m] [[36mDebug[39m] 429 hit on route /gateway/bot
2022-06-01 21:30:51 [[32minfo[39m] [[36mDebug[39m] 429 hit on route /gateway/bot
2022-06-01 21:30:55 [[32minfo[39m] [[36mDebug[39m] 429 hit on route /gateway/bot
2022-06-01 21:30:58 [[32minfo[39m] [[36mDebug[39m] 429 hit on route /gateway/bot
2022-06-01 21:31:02 [[32minfo[39m] [[36mDebug[39m] 429 hit on route /gateway/bot
2022-06-01 21:31:06 [[32minfo[39m] [[36mDebug[39m] 429 hit on route /gateway/bot
2022-06-01 21:31:11 [[32minfo[39m] [[36mDebug[39m] 429 hit on route /gateway/bot
2022-06-01 21:31:13 [[32minfo[39m] [[36mDebug[39m] 429 hit on route /gateway/bot
2022-06-01 21:31:16 [[32minfo[39m] [[36mDebug[39m] 429 hit on route /gateway/bot
2022-06-01 21:31:20 [[32minfo[39m] [[36mDebug[39m] 429 hit on route /gateway/bot
2022-06-01 21:31:23 [[32minfo[39m] [[36mDebug[39m] 429 hit on route /gateway/bot
2022-06-01 21:31:27 [[32minfo[39m] [[36mDebug[39m] 429 hit on route /gateway/bot
2022-06-01 21:31:30 [[32minfo[39m] [[36mDebug[39m] 429 hit on route /gateway/bot
2022-06-01 21:31:34 [[32minfo[39m] [[36mDebug[39m] 429 hit on route /gateway/bot
2022-06-01 21:31:38 [[32minfo[39m] [[36mDebug[39m] 429 hit on route /gateway/bot
2022-06-01 21:31:47 [[32minfo[39m] [[36mDebug[39m] 429 hit on route /gateway/bot
2022-06-01 21:31:47 [[32minfo[39m] [[36mDebug[39m] 429 hit on route /gateway/bot
2022-06-01 21:31:50 [[32minfo[39m] [[36mDebug[39m] 429 hit on route /gateway/bot
2022-06-01 21:31:54 [[32minfo[39m] [[36mDebug[39m] 429 hit on route /gateway/bot
2022-06-01 21:31:57 [[32minfo[39m] [[36mDebug[39m] 429 hit on route /gateway/bot
2022-06-01 21:32:01 [[32minfo[39m] [[36mDebug[39m] 429 hit on route /gateway/bot
2022-06-01 21:32:04 [[32minfo[39m] [[36mDebug[39m] 429 hit on route /gateway/bot
2022-06-01 21:32:08 [[32minfo[39m] [[36mDebug[39m] 429 hit on route /gateway/bot
2022-06-01 21:32:11 [[32minfo[39m] [[36mDebug[39m] 429 hit on route /gateway/bot
2022-06-01 21:32:23 [[32minfo[39m] [[36mDebug[39m] 429 hit on route /gateway/bot
2022-06-01 21:32:25 [[32minfo[39m] [[36mDebug[39m] 429 hit on route /gateway/bot
2022-06-01 21:32:29 [[32minfo[39m] [[36mDebug[39m] 429 hit on route /gateway/bot
2022-06-01 21:32:33 [[32minfo[39m] [[36mDebug[39m] 429 hit on route /gateway/bot
2022-06-01 21:32:36 [[32minfo[39m] [[36mDebug[39m] 429 hit on route /gateway/bot
2022-06-01 21:32:40 [[32minfo[39m] [[36mDebug[39m] 429 hit on route /gateway/bot
2022-06-01 21:32:43 [[32minfo[39m] [[36mDebug[39m] 429 hit on route /gateway/bot
2022-06-01 21:32:46 [[32minfo[39m] [[36mDebug[39m] 429 hit on route /gateway/bot
2022-06-01 21:32:50 [[32minfo[39m] [[36mDebug[39m] 429 hit on route /gateway/bot
2022-06-01 21:33:05 [[32minfo[39m] [[36mDebug[39m] 429 hit on route /gateway/bot
2022-06-01 21:33:09 [[32minfo[39m] [[36mDebug[39m] 429 hit on route /gateway/bot
2022-06-01 21:33:18 [[32minfo[39m] [[36mDebug[39m] 429 hit on route /gateway/bot
2022-06-01 21:33:21 [[32minfo[39m] [[36mDebug[39m] 429 hit on route /gateway/bot
2022-06-01 21:33:25 [[32minfo[39m] [[36mDebug[39m] 429 hit on route /gateway/bot
2022-06-01 21:33:28 [[32minfo[39m] [[36mDebug[39m] 429 hit on route /gateway/bot
2022-06-01 21:33:32 [[32minfo[39m] [[36mDebug[39m] 429 hit on route /gateway/bot
2022-06-01 21:33:35 [[32minfo[39m] [[36mDebug[39m] 429 hit on route /gateway/bot
2022-06-01 21:33:38 [[32minfo[39m] [[36mDebug[39m] 429 hit on route /gateway/bot
2022-06-01 21:33:56 [[32minfo[39m] [[36mDebug[39m] 429 hit on route /gateway/bot
2022-06-01 21:34:01 [[32minfo[39m] [[36mDebug[39m] 429 hit on route /gateway/bot
2022-06-01 21:34:04 [[32minfo[39m] [[36mDebug[39m] 429 hit on route /gateway/bot
2022-06-01 21:34:10 [[32minfo[39m] [[36mDebug[39m] 429 hit on route /gateway/bot
2022-06-01 21:34:13 [[32minfo[39m] [[36mDebug[39m] 429 hit on route /gateway/bot
2022-06-01 21:34:17 [[32minfo[39m] [[36mDebug[39m] 429 hit on route /gateway/bot
2022-06-01 21:34:20 [[32minfo[39m] [[36mDebug[39m] 429 hit on route /gateway/bot
2022-06-01 21:34:23 [[32minfo[39m] [[36mDebug[39m] 429 hit on route /gateway/bot
2022-06-01 21:34:27 [[32minfo[39m] [[36mDebug[39m] 429 hit on route /gateway/bot
2022-06-01 21:34:45 [[32minfo[39m] [[36mDebug[39m] 429 hit on route /gateway/bot
2022-06-01 21:34:46 [[32minfo[39m] [[36mDebug[39m] 429 hit on route /gateway/bot
2022-06-01 21:34:50 [[32minfo[39m] [[36mDebug[39m] 429 hit on route /gateway/bot
2022-06-01 21:34:58 [[32minfo[39m] [[36mDebug[39m] 429 hit on route /gateway/bot
2022-06-01 21:35:01 [[32minfo[39m] [[36mDebug[39m] 429 hit on route /gateway/bot
2022-06-01 21:35:04 [[32minfo[39m] [[36mDebug[39m] 429 hit on route /gateway/bot
2022-06-01 21:35:08 [[32minfo[39m] [[36mDebug[39m] 429 hit on route /gateway/bot
2022-06-01 21:35:11 [[32minfo[39m] [[36mDebug[39m] 429 hit on route /gateway/bot
2022-06-01 21:35:14 [[32minfo[39m] [[36mDebug[39m] 429 hit on route /gateway/bot
2022-06-01 21:35:34 [[32minfo[39m] [[36mDebug[39m] 429 hit on route /gateway/bot
2022-06-01 21:35:37 [[32minfo[39m] [[36mDebug[39m] 429 hit on route /gateway/bot
2022-06-01 21:35:40 [[32minfo[39m] [[36mDebug[39m] 429 hit on route /gateway/bot
2022-06-01 21:35:47 [[32minfo[39m] [[36mDebug[39m] 429 hit on route /gateway/bot
2022-06-01 21:35:50 [[32minfo[39m] [[36mDebug[39m] 429 hit on route /gateway/bot
2022-06-01 21:35:53 [[32minfo[39m] [[36mDebug[39m] 429 hit on route /gateway/bot
2022-06-01 21:35:57 [[32minfo[39m] [[36mDebug[39m] 429 hit on route /gateway/bot
2022-06-01 21:36:00 [[32minfo[39m] [[36mDebug[39m] 429 hit on route /gateway/bot
2022-06-01 21:36:03 [[32minfo[39m] [[36mDebug[39m] 429 hit on route /gateway/bot
2022-06-01 21:36:17 [[32minfo[39m] [[36mDebug[39m] 429 hit on route /gateway/bot
2022-06-01 21:36:20 [[32minfo[39m] [[36mDebug[39m] 429 hit on route /gateway/bot
2022-06-01 21:36:27 [[32minfo[39m] [[36mDebug[39m] 429 hit on route /gateway/bot
2022-06-01 21:36:31 [[32minfo[39m] [[36mDebug[39m] 429 hit on route /gateway/bot
2022-06-01 21:36:34 [[32minfo[39m] [[36mDebug[39m] 429 hit on route /gateway/bot
2022-06-01 21:36:37 [[32minfo[39m] [[36mDebug[39m] 429 hit on route /gateway/bot
2022-06-01 21:36:40 [[32minfo[39m] [[36mDebug[39m] 429 hit on route /gateway/bot
2022-06-01 21:36:44 [[32minfo[39m] [[36mDebug[39m] 429 hit on route /gateway/bot
2022-06-01 21:36:47 [[32minfo[39m] [[36mDebug[39m] 429 hit on route /gateway/bot
2022-06-01 21:36:58 [[32minfo[39m] [[36mDebug[39m] 429 hit on route /gateway/bot
2022-06-01 21:37:00 [[32minfo[39m] [[36mDebug[39m] 429 hit on route /gateway/bot
2022-06-01 21:37:04 [[32minfo[39m] [[36mDebug[39m] 429 hit on route /gateway/bot
2022-06-01 21:37:09 [[32minfo[39m] [[36mDebug[39m] 429 hit on route /gateway/bot
2022-06-01 21:37:12 [[32minfo[39m] [[36mDebug[39m] 429 hit on route /gateway/bot
2022-06-01 21:37:15 [[32minfo[39m] [[36mDebug[39m] 429 hit on route /gateway/bot
2022-06-01 21:37:18 [[32minfo[39m] [[36mDebug[39m] 429 hit on route /gateway/bot
2022-06-01 21:37:21 [[32minfo[39m] [[36mDebug[39m] 429 hit on route /gateway/bot
2022-06-01 21:37:25 [[32minfo[39m] [[36mDebug[39m] 429 hit on route /gateway/bot
2022-06-01 21:37:39 [[32minfo[39m] [[36mDebug[39m] 429 hit on route /gateway/bot
2022-06-01 21:37:42 [[32minfo[39m] [[36mDebug[39m] 429 hit on route /gateway/bot
2022-06-01 21:37:46 [[32minfo[39m] [[36mDebug[39m] 429 hit on route /gateway/bot
2022-06-01 21:37:49 [[32minfo[39m] [[36mDebug[39m] 429 hit on route /gateway/bot
2022-06-01 21:37:52 [[32minfo[39m] [[36mDebug[39m] 429 hit on route /gateway/bot
2022-06-01 21:37:55 [[32minfo[39m] [[36mDebug[39m] 429 hit on route /gateway/bot
2022-06-01 21:37:58 [[32minfo[39m] [[36mDebug[39m] 429 hit on route /gateway/bot
2022-06-01 21:38:01 [[32minfo[39m] [[36mDebug[39m] 429 hit on route /gateway/bot
2022-06-01 21:38:05 [[32minfo[39m] [[36mDebug[39m] 429 hit on route /gateway/bot
2022-06-01 21:38:20 [[32minfo[39m] [[36mDebug[39m] 429 hit on route /gateway/bot
2022-06-01 21:38:21 [[32minfo[39m] [[36mDebug[39m] 429 hit on route /gateway/bot
2022-06-01 21:38:23 [[32minfo[39m] [[36mDebug[39m] 429 hit on route /gateway/bot
2022-06-01 21:38:26 [[32minfo[39m] [[36mDebug[39m] 429 hit on route /gateway/bot
2022-06-01 21:38:29 [[32minfo[39m] [[36mDebug[39m] 429 hit on route /gateway/bot
2022-06-01 21:38:32 [[32minfo[39m] [[36mDebug[39m] 429 hit on route /gateway/bot
2022-06-01 21:38:35 [[32minfo[39m] [[36mDebug[39m] 429 hit on route /gateway/bot
2022-06-01 21:38:38 [[32minfo[39m] [[36mDebug[39m] 429 hit on route /gateway/bot
2022-06-01 21:38:41 [[32minfo[39m] [[36mDebug[39m] 429 hit on route /gateway/bot
2022-06-01 21:38:53 [[32minfo[39m] [[36mDebug[39m] 429 hit on route /gateway/bot
2022-06-01 21:38:55 [[32minfo[39m] [[36mDebug[39m] 429 hit on route /gateway/bot
2022-06-01 21:38:58 [[32minfo[39m] [[36mDebug[39m] 429 hit on route /gateway/bot
2022-06-01 21:39:01 [[32minfo[39m] [[36mDebug[39m] 429 hit on route /gateway/bot
2022-06-01 21:39:04 [[32minfo[39m] [[36mDebug[39m] 429 hit on route /gateway/bot
2022-06-01 21:39:07 [[32minfo[39m] [[36mDebug[39m] 429 hit on route /gateway/bot
2022-06-01 21:39:10 [[32minfo[39m] [[36mDebug[39m] 429 hit on route /gateway/bot
2022-06-01 21:39:13 [[32minfo[39m] [[36mDebug[39m] 429 hit on route /gateway/bot
2022-06-01 21:39:17 [[32minfo[39m] [[36mDebug[39m] 429 hit on route /gateway/bot
2022-06-01 21:39:23 [[32minfo[39m] [[36mDebug[39m] 429 hit on route /gateway/bot
2022-06-01 21:39:23 [[32minfo[39m] [[36mDebug[39m] 429 hit on route /gateway/bot
2022-06-01 21:39:26 [[32minfo[39m] [[36mDebug[39m] 429 hit on route /gateway/bot
2022-06-01 21:39:29 [[32minfo[39m] [[36mDebug[39m] 429 hit on route /gateway/bot
2022-06-01 21:39:32 [[32minfo[39m] [[36mDebug[39m] 429 hit on route /gateway/bot
2022-06-01 21:39:35 [[32minfo[39m] [[36mDebug[39m] 429 hit on route /gateway/bot
2022-06-01 21:39:38 [[32minfo[39m] [[36mDebug[39m] 429 hit on route /gateway/bot
2022-06-01 21:39:41 [[32minfo[39m] [[36mDebug[39m] 429 hit on route /gateway/bot
2022-06-01 21:39:44 [[32minfo[39m] [[36mDebug[39m] 429 hit on route /gateway/bot
2022-06-01 21:39:51 [[32minfo[39m] [[36mDebug[39m] 429 hit on route /gateway/bot
2022-06-01 21:39:51 [[32minfo[39m] [[36mDebug[39m] 429 hit on route /gateway/bot
2022-06-01 21:39:54 [[32minfo[39m] [[36mDebug[39m] 429 hit on route /gateway/bot
2022-06-01 21:39:57 [[32minfo[39m] [[36mDebug[39m] 429 hit on route /gateway/bot
2022-06-01 21:40:00 [[32minfo[39m] [[36mDebug[39m] 429 hit on route /gateway/bot
2022-06-01 21:40:03 [[32minfo[39m] [[36mDebug[39m] 429 hit on route /gateway/bot
2022-06-01 21:40:06 [[32minfo[39m] [[36mDebug[39m] 429 hit on route /gateway/bot
2022-06-01 21:40:09 [[32minfo[39m] [[36mDebug[39m] 429 hit on route /gateway/bot
2022-06-01 21:40:12 [[32minfo[39m] [[36mDebug[39m] 429 hit on route /gateway/bot
2022-06-01 21:40:19 [[32minfo[39m] [[36mDebug[39m] 429 hit on route /gateway/bot
2022-06-01 21:40:20 [[32minfo[39m] [[36mDebug[39m] 429 hit on route /gateway/bot
2022-06-01 21:40:22 [[32minfo[39m] [[36mDebug[39m] 429 hit on route /gateway/bot
2022-06-01 21:40:25 [[32minfo[39m] [[36mDebug[39m] 429 hit on route /gateway/bot
2022-06-01 21:40:28 [[32minfo[39m] [[36mDebug[39m] 429 hit on route /gateway/bot
2022-06-01 21:40:31 [[32minfo[39m] [[36mDebug[39m] 429 hit on route /gateway/bot
2022-06-01 21:40:34 [[32minfo[39m] [[36mDebug[39m] 429 hit on route /gateway/bot
2022-06-01 21:40:37 [[32minfo[39m] [[36mDebug[39m] 429 hit on route /gateway/bot
2022-06-01 21:40:40 [[32minfo[39m] [[36mDebug[39m] 429 hit on route /gateway/bot
2022-06-01 21:40:47 [[32minfo[39m] [[36mDebug[39m] 429 hit on route /gateway/bot
2022-06-01 21:40:47 [[32minfo[39m] [[36mDebug[39m] 429 hit on route /gateway/bot
2022-06-01 21:40:50 [[32minfo[39m] [[36mDebug[39m] 429 hit on route /gateway/bot
2022-06-01 21:40:53 [[32minfo[39m] [[36mDebug[39m] 429 hit on route /gateway/bot
2022-06-01 21:40:56 [[32minfo[39m] [[36mDebug[39m] 429 hit on route /gateway/bot
2022-06-01 21:40:59 [[32minfo[39m] [[36mDebug[39m] 429 hit on route /gateway/bot
2022-06-01 21:41:01 [[32minfo[39m] [[36mDebug[39m] 429 hit on route /gateway/bot
2022-06-01 21:41:04 [[32minfo[39m] [[36mDebug[39m] 429 hit on route /gateway/bot
2022-06-01 21:41:07 [[32minfo[39m] [[36mDebug[39m] 429 hit on route /gateway/bot
2022-06-01 21:41:15 [[32minfo[39m] [[36mDebug[39m] 429 hit on route /gateway/bot
2022-06-01 21:41:15 [[32minfo[39m] [[36mDebug[39m] 429 hit on route /gateway/bot
2022-06-01 21:41:16 [[32minfo[39m] [[36mDebug[39m] 429 hit on route /gateway/bot
2022-06-01 21:41:19 [[32minfo[39m] [[36mDebug[39m] 429 hit on route /gateway/bot
2022-06-01 21:41:22 [[32minfo[39m] [[36mDebug[39m] 429 hit on route /gateway/bot
2022-06-01 21:41:25 [[32minfo[39m] [[36mDebug[39m] 429 hit on route /gateway/bot
2022-06-01 21:41:28 [[32minfo[39m] [[36mDebug[39m] 429 hit on route /gateway/bot
2022-06-01 21:41:31 [[32minfo[39m] [[36mDebug[39m] 429 hit on route /gateway/bot
2022-06-01 21:41:34 [[32minfo[39m] [[36mDebug[39m] 429 hit on route /gateway/bot
2022-06-01 21:41:40 [[32minfo[39m] [[36mDebug[39m] 429 hit on route /gateway/bot
2022-06-01 21:41:40 [[32minfo[39m] [[36mDebug[39m] 429 hit on route /gateway/bot
2022-06-01 21:41:43 [[32minfo[39m] [[36mDebug[39m] 429 hit on route /gateway/bot
2022-06-01 21:41:46 [[32minfo[39m] [[36mDebug[39m] 429 hit on route /gateway/bot
2022-06-01 21:41:49 [[32minfo[39m] [[36mDebug[39m] 429 hit on route /gateway/bot
2022-06-01 21:41:52 [[32minfo[39m] [[36mDebug[39m] 429 hit on route /gateway/bot
2022-06-01 21:41:55 [[32minfo[39m] [[36mDebug[39m] 429 hit on route /gateway/bot
2022-06-01 21:41:58 [[32minfo[39m] [[36mDebug[39m] 429 hit on route /gateway/bot
2022-06-01 21:42:01 [[32minfo[39m] [[36mDebug[39m] 429 hit on route /gateway/bot
2022-06-01 21:42:08 [[32minfo[39m] [[36mDebug[39m] 429 hit on route /gateway/bot
2022-06-01 21:42:08 [[32minfo[39m] [[36mDebug[39m] 429 hit on route /gateway/bot
2022-06-01 21:42:11 [[32minfo[39m] [[36mDebug[39m] 429 hit on route /gateway/bot
2022-06-01 21:42:14 [[32minfo[39m] [[36mDebug[39m] 429 hit on route /gateway/bot
2022-06-01 21:42:16 [[32minfo[39m] [[36mDebug[39m] 429 hit on route /gateway/bot
2022-06-01 21:42:19 [[32minfo[39m] [[36mDebug[39m] 429 hit on route /gateway/bot
2022-06-01 21:42:22 [[32minfo[39m] [[36mDebug[39m] 429 hit on route /gateway/bot
2022-06-01 21:42:25 [[32minfo[39m] [[36mDebug[39m] 429 hit on route /gateway/bot
2022-06-01 21:42:28 [[32minfo[39m] [[36mDebug[39m] 429 hit on route /gateway/bot
2022-06-01 21:42:34 [[32minfo[39m] [[36mDebug[39m] 429 hit on route /gateway/bot
2022-06-01 21:42:35 [[32minfo[39m] [[36mDebug[39m] 429 hit on route /gateway/bot
2022-06-01 21:42:38 [[32minfo[39m] [[36mDebug[39m] 429 hit on route /gateway/bot
2022-06-01 21:42:41 [[32minfo[39m] [[36mDebug[39m] 429 hit on route /gateway/bot
2022-06-01 21:42:44 [[32minfo[39m] [[36mDebug[39m] 429 hit on route /gateway/bot
2022-06-01 21:42:46 [[32minfo[39m] [[36mDebug[39m] 429 hit on route /gateway/bot
2022-06-01 21:42:49 [[32minfo[39m] [[36mDebug[39m] 429 hit on route /gateway/bot
2022-06-01 21:42:52 [[32minfo[39m] [[36mDebug[39m] 429 hit on route /gateway/bot
2022-06-01 21:42:55 [[32minfo[39m] [[36mDebug[39m] 429 hit on route /gateway/bot
2022-06-01 21:43:01 [[32minfo[39m] [[36mDebug[39m] 429 hit on route /gateway/bot
2022-06-01 21:43:01 [[32minfo[39m] [[36mDebug[39m] 429 hit on route /gateway/bot
2022-06-01 21:43:04 [[32minfo[39m] [[36mDebug[39m] 429 hit on route /gateway/bot
2022-06-01 21:43:07 [[32minfo[39m] [[36mDebug[39m] 429 hit on route /gateway/bot
2022-06-01 21:43:10 [[32minfo[39m] [[36mDebug[39m] 429 hit on route /gateway/bot
2022-06-01 21:43:12 [[32minfo[39m] [[36mDebug[39m] 429 hit on route /gateway/bot
2022-06-01 21:43:15 [[32minfo[39m] [[36mDebug[39m] 429 hit on route /gateway/bot
2022-06-01 21:43:18 [[32minfo[39m] [[36mDebug[39m] 429 hit on route /gateway/bot
2022-06-01 21:43:21 [[32minfo[39m] [[36mDebug[39m] 429 hit on route /gateway/bot
2022-06-01 21:43:27 [[32minfo[39m] [[36mDebug[39m] 429 hit on route /gateway/bot
2022-06-01 21:43:28 [[32minfo[39m] [[36mDebug[39m] 429 hit on route /gateway/bot
2022-06-01 21:43:31 [[32minfo[39m] [[36mDebug[39m] 429 hit on route /gateway/bot
2022-06-01 21:43:34 [[32minfo[39m] [[36mDebug[39m] 429 hit on route /gateway/bot
2022-06-01 21:43:36 [[32minfo[39m] [[36mDebug[39m] 429 hit on route /gateway/bot
2022-06-01 21:43:39 [[32minfo[39m] [[36mDebug[39m] 429 hit on route /gateway/bot
2022-06-01 21:43:42 [[32minfo[39m] [[36mDebug[39m] 429 hit on route /gateway/bot
2022-06-01 21:43:45 [[32minfo[39m] [[36mDebug[39m] 429 hit on route /gateway/bot
2022-06-01 21:43:48 [[32minfo[39m] [[36mDebug[39m] 429 hit on route /gateway/bot
2022-06-01 21:43:54 [[32minfo[39m] [[36mDebug[39m] 429 hit on route /gateway/bot
2022-06-01 21:43:54 [[32minfo[39m] [[36mDebug[39m] 429 hit on route /gateway/bot
2022-06-01 21:43:57 [[32minfo[39m] [[36mDebug[39m] 429 hit on route /gateway/bot
2022-06-01 21:44:00 [[32minfo[39m] [[36mDebug[39m] 429 hit on route /gateway/bot
2022-06-01 21:44:03 [[32minfo[39m] [[36mDebug[39m] 429 hit on route /gateway/bot
2022-06-01 21:44:05 [[32minfo[39m] [[36mDebug[39m] 429 hit on route /gateway/bot
2022-06-01 21:44:08 [[32minfo[39m] [[36mDebug[39m] 429 hit on route /gateway/bot
2022-06-01 21:44:11 [[32minfo[39m] [[36mDebug[39m] 429 hit on route /gateway/bot
2022-06-01 21:44:14 [[32minfo[39m] [[36mDebug[39m] 429 hit on route /gateway/bot
2022-06-01 21:44:20 [[32minfo[39m] [[36mDebug[39m] 429 hit on route /gateway/bot
2022-06-01 21:44:21 [[32minfo[39m] [[36mDebug[39m] 429 hit on route /gateway/bot
2022-06-01 21:44:23 [[32minfo[39m] [[36mDebug[39m] 429 hit on route /gateway/bot
2022-06-01 21:44:26 [[32minfo[39m] [[36mDebug[39m] 429 hit on route /gateway/bot
2022-06-01 21:44:29 [[32minfo[39m] [[36mDebug[39m] 429 hit on route /gateway/bot
2022-06-01 21:44:32 [[32minfo[39m] [[36mDebug[39m] 429 hit on route /gateway/bot
2022-06-01 21:44:34 [[32minfo[39m] [[36mDebug[39m] 429 hit on route /gateway/bot
2022-06-01 21:44:37 [[32minfo[39m] [[36mDebug[39m] 429 hit on route /gateway/bot
2022-06-01 21:44:40 [[32minfo[39m] [[36mDebug[39m] 429 hit on route /gateway/bot
2022-06-01 21:44:47 [[32minfo[39m] [[36mDebug[39m] 429 hit on route /gateway/bot
2022-06-01 21:44:47 [[32minfo[39m] [[36mDebug[39m] 429 hit on route /gateway/bot
2022-06-01 21:44:50 [[32minfo[39m] [[36mDebug[39m] 429 hit on route /gateway/bot
2022-06-01 21:44:52 [[32minfo[39m] [[36mDebug[39m] 429 hit on route /gateway/bot
2022-06-01 21:44:55 [[32minfo[39m] [[36mDebug[39m] 429 hit on route /gateway/bot
2022-06-01 21:44:58 [[32minfo[39m] [[36mDebug[39m] 429 hit on route /gateway/bot
2022-06-01 21:45:01 [[32minfo[39m] [[36mDebug[39m] 429 hit on route /gateway/bot
2022-06-01 21:45:03 [[32minfo[39m] [[36mDebug[39m] 429 hit on route /gateway/bot
2022-06-01 21:45:06 [[32minfo[39m] [[36mDebug[39m] 429 hit on route /gateway/bot
2022-06-01 21:45:12 [[32minfo[39m] [[36mDebug[39m] 429 hit on route /gateway/bot
2022-06-01 21:45:14 [[32minfo[39m] [[36mDebug[39m] 429 hit on route /gateway/bot
2022-06-01 21:45:15 [[32minfo[39m] [[36mDebug[39m] 429 hit on route /gateway/bot
2022-06-01 21:45:18 [[32minfo[39m] [[36mDebug[39m] 429 hit on route /gateway/bot
2022-06-01 21:45:20 [[32minfo[39m] [[36mDebug[39m] 429 hit on route /gateway/bot
2022-06-01 21:45:23 [[32minfo[39m] [[36mDebug[39m] 429 hit on route /gateway/bot
2022-06-01 21:45:26 [[32minfo[39m] [[36mDebug[39m] 429 hit on route /gateway/bot
2022-06-01 21:45:28 [[32minfo[39m] [[36mDebug[39m] 429 hit on route /gateway/bot
2022-06-01 21:45:31 [[32minfo[39m] [[36mDebug[39m] 429 hit on route /gateway/bot
2022-06-01 21:45:37 [[32minfo[39m] [[36mDebug[39m] 429 hit on route /gateway/bot
2022-06-01 21:45:38 [[32minfo[39m] [[36mDebug[39m] 429 hit on route /gateway/bot
2022-06-01 21:45:41 [[32minfo[39m] [[36mDebug[39m] 429 hit on route /gateway/bot
2022-06-01 21:45:43 [[32minfo[39m] [[36mDebug[39m] 429 hit on route /gateway/bot
2022-06-01 21:45:46 [[32minfo[39m] [[36mDebug[39m] 429 hit on route /gateway/bot
2022-06-01 21:45:49 [[32minfo[39m] [[36mDebug[39m] 429 hit on route /gateway/bot
2022-06-01 21:45:51 [[32minfo[39m] [[36mDebug[39m] 429 hit on route /gateway/bot
2022-06-01 21:45:54 [[32minfo[39m] [[36mDebug[39m] 429 hit on route /gateway/bot
2022-06-01 21:45:56 [[32minfo[39m] [[36mDebug[39m] 429 hit on route /gateway/bot
2022-06-01 21:46:02 [[32minfo[39m] [[36mDebug[39m] 429 hit on route /gateway/bot
2022-06-01 21:46:04 [[32minfo[39m] [[36mDebug[39m] 429 hit on route /gateway/bot
2022-06-01 21:46:05 [[32minfo[39m] [[36mDebug[39m] 429 hit on route /gateway/bot
2022-06-01 21:46:08 [[32minfo[39m] [[36mDebug[39m] 429 hit on route /gateway/bot
2022-06-01 21:46:10 [[32minfo[39m] [[36mDebug[39m] 429 hit on route /gateway/bot
2022-06-01 21:46:13 [[32minfo[39m] [[36mDebug[39m] 429 hit on route /gateway/bot
2022-06-01 21:46:16 [[32minfo[39m] [[36mDebug[39m] 429 hit on route /gateway/bot
2022-06-01 21:46:18 [[32minfo[39m] [[36mDebug[39m] 429 hit on route /gateway/bot
2022-06-01 21:46:21 [[32minfo[39m] [[36mDebug[39m] 429 hit on route /gateway/bot
2022-06-01 21:46:27 [[32minfo[39m] [[36mDebug[39m] 429 hit on route /gateway/bot
2022-06-01 21:46:28 [[32minfo[39m] [[36mDebug[39m] 429 hit on route /gateway/bot
2022-06-01 21:46:30 [[32minfo[39m] [[36mDebug[39m] 429 hit on route /gateway/bot
2022-06-01 21:46:33 [[32minfo[39m] [[36mDebug[39m] 429 hit on route /gateway/bot
2022-06-01 21:46:35 [[32minfo[39m] [[36mDebug[39m] 429 hit on route /gateway/bot
2022-06-01 21:46:38 [[32minfo[39m] [[36mDebug[39m] 429 hit on route /gateway/bot
2022-06-01 21:46:41 [[32minfo[39m] [[36mDebug[39m] 429 hit on route /gateway/bot
2022-06-01 21:46:43 [[32minfo[39m] [[36mDebug[39m] 429 hit on route /gateway/bot
2022-06-01 21:46:46 [[32minfo[39m] [[36mDebug[39m] 429 hit on route /gateway/bot
2022-06-01 21:46:54 [[32minfo[39m] [[36mDebug[39m] 429 hit on route /gateway/bot
2022-06-01 21:46:55 [[32minfo[39m] [[36mDebug[39m] 429 hit on route /gateway/bot
2022-06-01 21:46:58 [[32minfo[39m] [[36mDebug[39m] 429 hit on route /gateway/bot
2022-06-01 21:47:00 [[32minfo[39m] [[36mDebug[39m] 429 hit on route /gateway/bot
2022-06-01 21:47:03 [[32minfo[39m] [[36mDebug[39m] 429 hit on route /gateway/bot
2022-06-01 21:47:05 [[32minfo[39m] [[36mDebug[39m] 429 hit on route /gateway/bot
2022-06-01 21:47:08 [[32minfo[39m] [[36mDebug[39m] 429 hit on route /gateway/bot
2022-06-01 21:47:11 [[32minfo[39m] [[36mDebug[39m] 429 hit on route /gateway/bot
2022-06-01 21:47:13 [[32minfo[39m] [[36mDebug[39m] 429 hit on route /gateway/bot
2022-06-01 21:47:24 [[32minfo[39m] [[36mDebug[39m] 429 hit on route /gateway/bot
2022-06-01 21:47:24 [[32minfo[39m] [[36mDebug[39m] 429 hit on route /gateway/bot
2022-06-01 21:47:27 [[32minfo[39m] [[36mDebug[39m] 429 hit on route /gateway/bot
2022-06-01 21:47:30 [[32minfo[39m] [[36mDebug[39m] 429 hit on route /gateway/bot
2022-06-01 21:47:34 [[32minfo[39m] [[36mDebug[39m] 429 hit on route /gateway/bot
2022-06-01 21:47:36 [[32minfo[39m] [[36mDebug[39m] 429 hit on route /gateway/bot
2022-06-01 21:47:39 [[32minfo[39m] [[36mDebug[39m] 429 hit on route /gateway/bot
2022-06-01 21:47:42 [[32minfo[39m] [[36mDebug[39m] 429 hit on route /gateway/bot
2022-06-01 21:47:44 [[32minfo[39m] [[36mDebug[39m] 429 hit on route /gateway/bot
2022-06-01 21:47:58 [[32minfo[39m] [[36mDebug[39m] 429 hit on route /gateway/bot
2022-06-01 21:48:00 [[32minfo[39m] [[36mDebug[39m] 429 hit on route /gateway/bot
2022-06-01 21:48:03 [[32minfo[39m] [[36mDebug[39m] 429 hit on route /gateway/bot
2022-06-01 21:48:07 [[32minfo[39m] [[36mDebug[39m] 429 hit on route /gateway/bot
2022-06-01 21:48:10 [[32minfo[39m] [[36mDebug[39m] 429 hit on route /gateway/bot
2022-06-01 21:48:12 [[32minfo[39m] [[36mDebug[39m] 429 hit on route /gateway/bot
2022-06-01 21:48:15 [[32minfo[39m] [[36mDebug[39m] 429 hit on route /gateway/bot
2022-06-01 21:48:17 [[32minfo[39m] [[36mDebug[39m] 429 hit on route /gateway/bot
2022-06-01 21:48:20 [[32minfo[39m] [[36mDebug[39m] 429 hit on route /gateway/bot
2022-06-01 21:48:42 [[32minfo[39m] [[36mDebug[39m] 429 hit on route /gateway/bot
2022-06-01 21:48:42 [[32minfo[39m] [[36mDebug[39m] 429 hit on route /gateway/bot
2022-06-01 21:48:44 [[32minfo[39m] [[36mDebug[39m] 429 hit on route /gateway/bot
2022-06-01 21:48:48 [[32minfo[39m] [[36mDebug[39m] 429 hit on route /gateway/bot
2022-06-01 21:48:53 [[32minfo[39m] [[36mDebug[39m] 429 hit on route /gateway/bot
2022-06-01 21:49:02 [[32minfo[39m] [[36mDebug[39m] 429 hit on route /gateway/bot
2022-06-01 21:49:04 [[32minfo[39m] [[36mDebug[39m] 429 hit on route /gateway/bot
2022-06-01 21:49:07 [[32minfo[39m] [[36mDebug[39m] 429 hit on route /gateway/bot
2022-06-01 21:49:09 [[32minfo[39m] [[36mDebug[39m] 429 hit on route /gateway/bot
2022-06-01 21:49:24 [[32minfo[39m] [[36mDebug[39m] 429 hit on route /gateway/bot
2022-06-01 21:49:26 [[32minfo[39m] [[36mDebug[39m] 429 hit on route /gateway/bot
2022-06-01 21:49:28 [[32minfo[39m] [[36mDebug[39m] 429 hit on route /gateway/bot
2022-06-01 21:49:31 [[32minfo[39m] [[36mDebug[39m] 429 hit on route /gateway/bot
2022-06-01 21:49:39 [[32minfo[39m] [[36mDebug[39m] 429 hit on route /gateway/bot
2022-06-01 21:49:41 [[32minfo[39m] [[36mDebug[39m] 429 hit on route /gateway/bot
2022-06-01 21:49:43 [[32minfo[39m] [[36mDebug[39m] 429 hit on route /gateway/bot
2022-06-01 21:49:46 [[32minfo[39m] [[36mDebug[39m] 429 hit on route /gateway/bot
2022-06-01 21:49:48 [[32minfo[39m] [[36mDebug[39m] 429 hit on route /gateway/bot
2022-06-01 21:50:06 [[32minfo[39m] [[36mDebug[39m] 429 hit on route /gateway/bot
2022-06-01 21:50:07 [[32minfo[39m] [[36mDebug[39m] 429 hit on route /gateway/bot
2022-06-01 21:50:10 [[32minfo[39m] [[36mDebug[39m] 429 hit on route /gateway/bot
2022-06-01 21:50:14 [[32minfo[39m] [[36mDebug[39m] 429 hit on route /gateway/bot
2022-06-01 21:50:19 [[32minfo[39m] [[36mDebug[39m] 429 hit on route /gateway/bot
2022-06-01 21:50:22 [[32minfo[39m] [[36mDebug[39m] 429 hit on route /gateway/bot
2022-06-01 21:50:24 [[32minfo[39m] [[36mDebug[39m] 429 hit on route /gateway/bot
2022-06-01 21:50:26 [[32minfo[39m] [[36mDebug[39m] 429 hit on route /gateway/bot
2022-06-01 21:50:29 [[32minfo[39m] [[36mDebug[39m] 429 hit on route /gateway/bot
2022-06-01 21:50:41 [[32minfo[39m] [[36mDebug[39m] 429 hit on route /gateway/bot
2022-06-01 21:50:42 [[32minfo[39m] [[36mDebug[39m] 429 hit on route /gateway/bot
2022-06-01 21:50:45 [[32minfo[39m] [[36mDebug[39m] 429 hit on route /gateway/bot
2022-06-01 21:50:50 [[32minfo[39m] [[36mDebug[39m] 429 hit on route /gateway/bot
2022-06-01 21:50:53 [[32minfo[39m] [[36mDebug[39m] 429 hit on route /gateway/bot
2022-06-01 21:50:55 [[32minfo[39m] [[36mDebug[39m] 429 hit on route /gateway/bot
2022-06-01 21:50:57 [[32minfo[39m] [[36mDebug[39m] 429 hit on route /gateway/bot
2022-06-01 21:51:00 [[32minfo[39m] [[36mDebug[39m] 429 hit on route /gateway/bot
2022-06-01 21:51:02 [[32minfo[39m] [[36mDebug[39m] 429 hit on route /gateway/bot
2022-06-01 21:51:16 [[32minfo[39m] [[36mDebug[39m] 429 hit on route /gateway/bot
2022-06-01 21:51:17 [[32minfo[39m] [[36mDebug[39m] 429 hit on route /gateway/bot
2022-06-01 21:51:18 [[32minfo[39m] [[36mDebug[39m] 429 hit on route /gateway/bot
2022-06-01 21:51:21 [[32minfo[39m] [[36mDebug[39m] 429 hit on route /gateway/bot
2022-06-01 21:51:23 [[32minfo[39m] [[36mDebug[39m] 429 hit on route /gateway/bot
2022-06-01 21:51:25 [[32minfo[39m] [[36mDebug[39m] 429 hit on route /gateway/bot
2022-06-01 21:51:28 [[32minfo[39m] [[36mDebug[39m] 429 hit on route /gateway/bot
2022-06-01 21:51:30 [[32minfo[39m] [[36mDebug[39m] 429 hit on route /gateway/bot
2022-06-01 21:51:32 [[32minfo[39m] [[36mDebug[39m] 429 hit on route /gateway/bot
2022-06-01 21:51:47 [[32minfo[39m] [[36mDebug[39m] 429 hit on route /gateway/bot
2022-06-01 21:51:48 [[32minfo[39m] [[36mDebug[39m] 429 hit on route /gateway/bot
2022-06-01 21:51:49 [[32minfo[39m] [[36mDebug[39m] 429 hit on route /gateway/bot
2022-06-01 21:51:51 [[32minfo[39m] [[36mDebug[39m] 429 hit on route /gateway/bot
2022-06-01 21:51:54 [[32minfo[39m] [[36mDebug[39m] 429 hit on route /gateway/bot
2022-06-01 21:52:02 [[32minfo[39m] [[36mDebug[39m] 429 hit on route /gateway/bot
2022-06-01 21:52:04 [[32minfo[39m] [[36mDebug[39m] 429 hit on route /gateway/bot
2022-06-01 21:52:06 [[32minfo[39m] [[36mDebug[39m] 429 hit on route /gateway/bot
2022-06-01 21:52:09 [[32minfo[39m] [[36mDebug[39m] 429 hit on route /gateway/bot
2022-06-01 21:52:25 [[32minfo[39m] [[36mDebug[39m] 429 hit on route /gateway/bot
2022-06-01 21:52:27 [[32minfo[39m] [[36mDebug[39m] 429 hit on route /gateway/bot
2022-06-01 21:52:30 [[32minfo[39m] [[36mDebug[39m] 429 hit on route /gateway/bot
2022-06-01 21:52:35 [[32minfo[39m] [[36mDebug[39m] 429 hit on route /gateway/bot
2022-06-01 21:52:37 [[32minfo[39m] [[36mDebug[39m] 429 hit on route /gateway/bot
2022-06-01 21:52:40 [[32minfo[39m] [[36mDebug[39m] 429 hit on route /gateway/bot
2022-06-01 21:52:42 [[32minfo[39m] [[36mDebug[39m] 429 hit on route /gateway/bot
2022-06-01 21:52:44 [[32minfo[39m] [[36mDebug[39m] 429 hit on route /gateway/bot
2022-06-01 21:52:46 [[32minfo[39m] [[36mDebug[39m] 429 hit on route /gateway/bot
2022-06-01 21:53:01 [[32minfo[39m] [[36mDebug[39m] 429 hit on route /gateway/bot
2022-06-01 21:53:03 [[32minfo[39m] [[36mDebug[39m] 429 hit on route /gateway/bot
2022-06-01 21:53:04 [[32minfo[39m] [[36mDebug[39m] 429 hit on route /gateway/bot
2022-06-01 21:53:06 [[32minfo[39m] [[36mDebug[39m] 429 hit on route /gateway/bot
2022-06-01 21:53:10 [[32minfo[39m] [[36mDebug[39m] 429 hit on route /gateway/bot
2022-06-01 21:53:12 [[32minfo[39m] [[36mDebug[39m] 429 hit on route /gateway/bot
2022-06-01 21:53:14 [[32minfo[39m] [[36mDebug[39m] 429 hit on route /gateway/bot
2022-06-01 21:53:17 [[32minfo[39m] [[36mDebug[39m] 429 hit on route /gateway/bot
2022-06-01 21:53:19 [[32minfo[39m] [[36mDebug[39m] 429 hit on route /gateway/bot
2022-06-01 21:53:31 [[32minfo[39m] [[36mDebug[39m] 429 hit on route /gateway/bot
2022-06-01 21:53:32 [[32minfo[39m] [[36mDebug[39m] 429 hit on route /gateway/bot
2022-06-01 21:53:33 [[32minfo[39m] [[36mDebug[39m] 429 hit on route /gateway/bot
2022-06-01 21:53:37 [[32minfo[39m] [[36mDebug[39m] 429 hit on route /gateway/bot
2022-06-01 21:53:39 [[32minfo[39m] [[36mDebug[39m] 429 hit on route /gateway/bot
2022-06-01 21:53:41 [[32minfo[39m] [[36mDebug[39m] 429 hit on route /gateway/bot
2022-06-01 21:53:44 [[32minfo[39m] [[36mDebug[39m] 429 hit on route /gateway/bot
2022-06-01 21:53:46 [[32minfo[39m] [[36mDebug[39m] 429 hit on route /gateway/bot
2022-06-01 21:53:48 [[32minfo[39m] [[36mDebug[39m] 429 hit on route /gateway/bot
2022-06-01 21:54:00 [[32minfo[39m] [[36mDebug[39m] 429 hit on route /gateway/bot
2022-06-01 21:54:02 [[32minfo[39m] [[36mDebug[39m] 429 hit on route /gateway/bot
2022-06-01 21:54:06 [[32minfo[39m] [[36mDebug[39m] 429 hit on route /gateway/bot
2022-06-01 21:54:09 [[32minfo[39m] [[36mDebug[39m] 429 hit on route /gateway/bot
2022-06-01 21:54:11 [[32minfo[39m] [[36mDebug[39m] 429 hit on route /gateway/bot
2022-06-01 21:54:13 [[32minfo[39m] [[36mDebug[39m] 429 hit on route /gateway/bot
2022-06-01 21:54:15 [[32minfo[39m] [[36mDebug[39m] 429 hit on route /gateway/bot
2022-06-01 21:54:17 [[32minfo[39m] [[36mDebug[39m] 429 hit on route /gateway/bot
2022-06-01 21:54:19 [[32minfo[39m] [[36mDebug[39m] 429 hit on route /gateway/bot
2022-06-01 21:54:29 [[32minfo[39m] [[36mDebug[39m] 429 hit on route /gateway/bot
2022-06-01 21:54:30 [[32minfo[39m] [[36mDebug[39m] 429 hit on route /gateway/bot
2022-06-01 21:54:33 [[32minfo[39m] [[36mDebug[39m] 429 hit on route /gateway/bot
2022-06-01 21:54:33 [[32minfo[39m] [[36mDebug[39m] 429 hit on route /gateway/bot
2022-06-01 21:54:35 [[32minfo[39m] [[36mDebug[39m] 429 hit on route /gateway/bot
2022-06-01 21:54:38 [[32minfo[39m] [[36mDebug[39m] 429 hit on route /gateway/bot
2022-06-01 21:54:40 [[32minfo[39m] [[36mDebug[39m] 429 hit on route /gateway/bot
2022-06-01 21:54:42 [[32minfo[39m] [[36mDebug[39m] 429 hit on route /gateway/bot
2022-06-01 21:54:44 [[32minfo[39m] [[36mDebug[39m] 429 hit on route /gateway/bot
2022-06-01 21:54:51 [[32minfo[39m] [[36mDebug[39m] 429 hit on route /gateway/bot
2022-06-01 21:54:52 [[32minfo[39m] [[36mDebug[39m] 429 hit on route /gateway/bot
2022-06-01 21:54:54 [[32minfo[39m] [[36mDebug[39m] 429 hit on route /gateway/bot
2022-06-01 21:54:56 [[32minfo[39m] [[36mDebug[39m] 429 hit on route /gateway/bot
2022-06-01 21:54:58 [[32minfo[39m] [[36mDebug[39m] 429 hit on route /gateway/bot
2022-06-01 21:55:00 [[32minfo[39m] [[36mDebug[39m] 429 hit on route /gateway/bot
2022-06-01 21:55:02 [[32minfo[39m] [[36mDebug[39m] 429 hit on route /gateway/bot
2022-06-01 21:55:04 [[32minfo[39m] [[36mDebug[39m] 429 hit on route /gateway/bot
2022-06-01 21:55:06 [[32minfo[39m] [[36mDebug[39m] 429 hit on route /gateway/bot
2022-06-01 21:55:14 [[32minfo[39m] [[36mDebug[39m] 429 hit on route /gateway/bot
2022-06-01 21:55:14 [[32minfo[39m] [[36mDebug[39m] 429 hit on route /gateway/bot
2022-06-01 21:55:15 [[32minfo[39m] [[36mDebug[39m] 429 hit on route /gateway/bot
2022-06-01 21:55:18 [[32minfo[39m] [[36mDebug[39m] 429 hit on route /gateway/bot
2022-06-01 21:55:20 [[32minfo[39m] [[36mDebug[39m] 429 hit on route /gateway/bot
2022-06-01 21:55:22 [[32minfo[39m] [[36mDebug[39m] 429 hit on route /gateway/bot
2022-06-01 21:55:24 [[32minfo[39m] [[36mDebug[39m] 429 hit on route /gateway/bot
2022-06-01 21:55:26 [[32minfo[39m] [[36mDebug[39m] 429 hit on route /gateway/bot
2022-06-01 21:55:28 [[32minfo[39m] [[36mDebug[39m] 429 hit on route /gateway/bot
2022-06-01 21:55:38 [[32minfo[39m] [[36mDebug[39m] 429 hit on route /gateway/bot
2022-06-01 21:55:39 [[32minfo[39m] [[36mDebug[39m] 429 hit on route /gateway/bot
2022-06-01 21:55:39 [[32minfo[39m] [[36mDebug[39m] 429 hit on route /gateway/bot
2022-06-01 21:55:42 [[32minfo[39m] [[36mDebug[39m] 429 hit on route /gateway/bot
2022-06-01 21:55:44 [[32minfo[39m] [[36mDebug[39m] 429 hit on route /gateway/bot
2022-06-01 21:55:46 [[32minfo[39m] [[36mDebug[39m] 429 hit on route /gateway/bot
2022-06-01 21:55:48 [[32minfo[39m] [[36mDebug[39m] 429 hit on route /gateway/bot
2022-06-01 21:55:50 [[32minfo[39m] [[36mDebug[39m] 429 hit on route /gateway/bot
2022-06-01 21:55:53 [[32minfo[39m] [[36mDebug[39m] 429 hit on route /gateway/bot
2022-06-01 21:56:04 [[32minfo[39m] [[36mDebug[39m] 429 hit on route /gateway/bot
2022-06-01 21:56:04 [[32minfo[39m] [[36mDebug[39m] 429 hit on route /gateway/bot
2022-06-01 21:56:07 [[32minfo[39m] [[36mDebug[39m] 429 hit on route /gateway/bot
2022-06-01 21:56:11 [[32minfo[39m] [[36mDebug[39m] 429 hit on route /gateway/bot
2022-06-01 21:56:11 [[32minfo[39m] [[36mDebug[39m] 429 hit on route /gateway/bot
2022-06-01 21:56:13 [[32minfo[39m] [[36mDebug[39m] 429 hit on route /gateway/bot
2022-06-01 21:56:15 [[32minfo[39m] [[36mDebug[39m] 429 hit on route /gateway/bot
2022-06-01 21:56:17 [[32minfo[39m] [[36mDebug[39m] 429 hit on route /gateway/bot
2022-06-01 21:56:19 [[32minfo[39m] [[36mDebug[39m] 429 hit on route /gateway/bot
2022-06-01 21:56:31 [[32minfo[39m] [[36mDebug[39m] 429 hit on route /gateway/bot
2022-06-01 21:56:31 [[32minfo[39m] [[36mDebug[39m] 429 hit on route /gateway/bot
2022-06-01 21:56:35 [[32minfo[39m] [[36mDebug[39m] 429 hit on route /gateway/bot
2022-06-01 21:56:37 [[32minfo[39m] [[36mDebug[39m] 429 hit on route /gateway/bot
2022-06-01 21:56:39 [[32minfo[39m] [[36mDebug[39m] 429 hit on route /gateway/bot
2022-06-01 21:56:41 [[32minfo[39m] [[36mDebug[39m] 429 hit on route /gateway/bot
2022-06-01 21:56:43 [[32minfo[39m] [[36mDebug[39m] 429 hit on route /gateway/bot
2022-06-01 21:56:45 [[32minfo[39m] [[36mDebug[39m] 429 hit on route /gateway/bot
2022-06-01 21:56:47 [[32minfo[39m] [[36mDebug[39m] 429 hit on route /gateway/bot
2022-06-01 21:56:57 [[32minfo[39m] [[36mDebug[39m] 429 hit on route /gateway/bot
2022-06-01 21:56:57 [[32minfo[39m] [[36mDebug[39m] 429 hit on route /gateway/bot
2022-06-01 21:56:58 [[32minfo[39m] [[36mDebug[39m] 429 hit on route /gateway/bot
2022-06-01 21:57:00 [[32minfo[39m] [[36mDebug[39m] 429 hit on route /gateway/bot
2022-06-01 21:57:02 [[32minfo[39m] [[36mDebug[39m] 429 hit on route /gateway/bot
2022-06-01 21:57:04 [[32minfo[39m] [[36mDebug[39m] 429 hit on route /gateway/bot
2022-06-01 21:57:06 [[32minfo[39m] [[36mDebug[39m] 429 hit on route /gateway/bot
2022-06-01 21:57:08 [[32minfo[39m] [[36mDebug[39m] 429 hit on route /gateway/bot
2022-06-01 21:57:10 [[32minfo[39m] [[36mDebug[39m] 429 hit on route /gateway/bot
2022-06-01 21:57:21 [[32minfo[39m] [[36mDebug[39m] 429 hit on route /gateway/bot
2022-06-01 21:57:22 [[32minfo[39m] [[36mDebug[39m] 429 hit on route /gateway/bot
2022-06-01 21:57:25 [[32minfo[39m] [[36mDebug[39m] 429 hit on route /gateway/bot
2022-06-01 21:57:27 [[32minfo[39m] [[36mDebug[39m] 429 hit on route /gateway/bot
2022-06-01 21:57:29 [[32minfo[39m] [[36mDebug[39m] 429 hit on route /gateway/bot
2022-06-01 21:57:31 [[32minfo[39m] [[36mDebug[39m] 429 hit on route /gateway/bot
2022-06-01 21:57:33 [[32minfo[39m] [[36mDebug[39m] 429 hit on route /gateway/bot
2022-06-01 21:57:35 [[32minfo[39m] [[36mDebug[39m] 429 hit on route /gateway/bot
2022-06-01 21:57:37 [[32minfo[39m] [[36mDebug[39m] 429 hit on route /gateway/bot
2022-06-01 21:57:48 [[32minfo[39m] [[36mDebug[39m] 429 hit on route /gateway/bot
2022-06-01 21:57:49 [[32minfo[39m] [[36mDebug[39m] 429 hit on route /gateway/bot
2022-06-01 21:57:49 [[32minfo[39m] [[36mDebug[39m] 429 hit on route /gateway/bot
2022-06-01 21:57:53 [[32minfo[39m] [[36mDebug[39m] 429 hit on route /gateway/bot
2022-06-01 21:57:55 [[32minfo[39m] [[36mDebug[39m] 429 hit on route /gateway/bot
2022-06-01 21:57:57 [[32minfo[39m] [[36mDebug[39m] 429 hit on route /gateway/bot
2022-06-01 21:57:59 [[32minfo[39m] [[36mDebug[39m] 429 hit on route /gateway/bot
2022-06-01 21:58:01 [[32minfo[39m] [[36mDebug[39m] 429 hit on route /gateway/bot
2022-06-01 21:58:03 [[32minfo[39m] [[36mDebug[39m] 429 hit on route /gateway/bot
2022-06-01 21:58:11 [[32minfo[39m] [[36mDebug[39m] 429 hit on route /gateway/bot
2022-06-01 21:58:12 [[32minfo[39m] [[36mDebug[39m] 429 hit on route /gateway/bot
2022-06-01 21:58:12 [[32minfo[39m] [[36mDebug[39m] 429 hit on route /gateway/bot
2022-06-01 21:58:14 [[32minfo[39m] [[36mDebug[39m] 429 hit on route /gateway/bot
2022-06-01 21:58:16 [[32minfo[39m] [[36mDebug[39m] 429 hit on route /gateway/bot
2022-06-01 21:58:18 [[32minfo[39m] [[36mDebug[39m] 429 hit on route /gateway/bot
2022-06-01 21:58:20 [[32minfo[39m] [[36mDebug[39m] 429 hit on route /gateway/bot
2022-06-01 21:58:22 [[32minfo[39m] [[36mDebug[39m] 429 hit on route /gateway/bot
2022-06-01 21:58:24 [[32minfo[39m] [[36mDebug[39m] 429 hit on route /gateway/bot
2022-06-01 21:58:31 [[32minfo[39m] [[36mDebug[39m] 429 hit on route /gateway/bot
2022-06-01 21:58:31 [[32minfo[39m] [[36mDebug[39m] 429 hit on route /gateway/bot
2022-06-01 21:58:32 [[32minfo[39m] [[36mDebug[39m] 429 hit on route /gateway/bot
2022-06-01 21:58:33 [[32minfo[39m] [[36mDebug[39m] 429 hit on route /gateway/bot
2022-06-01 21:58:35 [[32minfo[39m] [[36mDebug[39m] 429 hit on route /gateway/bot
2022-06-01 21:58:37 [[32minfo[39m] [[36mDebug[39m] 429 hit on route /gateway/bot
2022-06-01 21:58:39 [[32minfo[39m] [[36mDebug[39m] 429 hit on route /gateway/bot
2022-06-01 21:58:41 [[32minfo[39m] [[36mDebug[39m] 429 hit on route /gateway/bot
2022-06-01 21:58:43 [[32minfo[39m] [[36mDebug[39m] 429 hit on route /gateway/bot
2022-06-01 21:58:49 [[32minfo[39m] [[36mDebug[39m] 429 hit on route /gateway/bot
2022-06-01 21:58:50 [[32minfo[39m] [[36mDebug[39m] 429 hit on route /gateway/bot
2022-06-01 21:58:50 [[32minfo[39m] [[36mDebug[39m] 429 hit on route /gateway/bot
2022-06-01 21:58:52 [[32minfo[39m] [[36mDebug[39m] 429 hit on route /gateway/bot
2022-06-01 21:58:54 [[32minfo[39m] [[36mDebug[39m] 429 hit on route /gateway/bot
2022-06-01 21:58:56 [[32minfo[39m] [[36mDebug[39m] 429 hit on route /gateway/bot
2022-06-01 21:58:57 [[32minfo[39m] [[36mDebug[39m] 429 hit on route /gateway/bot
2022-06-01 21:58:59 [[32minfo[39m] [[36mDebug[39m] 429 hit on route /gateway/bot
2022-06-01 21:59:01 [[32minfo[39m] [[36mDebug[39m] 429 hit on route /gateway/bot
2022-06-01 21:59:07 [[32minfo[39m] [[36mDebug[39m] 429 hit on route /gateway/bot
2022-06-01 21:59:07 [[32minfo[39m] [[36mDebug[39m] 429 hit on route /gateway/bot
2022-06-01 21:59:09 [[32minfo[39m] [[36mDebug[39m] 429 hit on route /gateway/bot
2022-06-01 21:59:11 [[32minfo[39m] [[36mDebug[39m] 429 hit on route /gateway/bot
2022-06-01 21:59:13 [[32minfo[39m] [[36mDebug[39m] 429 hit on route /gateway/bot
2022-06-01 21:59:14 [[32minfo[39m] [[36mDebug[39m] 429 hit on route /gateway/bot
2022-06-01 21:59:16 [[32minfo[39m] [[36mDebug[39m] 429 hit on route /gateway/bot
2022-06-01 21:59:18 [[32minfo[39m] [[36mDebug[39m] 429 hit on route /gateway/bot
2022-06-01 21:59:20 [[32minfo[39m] [[36mDebug[39m] 429 hit on route /gateway/bot
2022-06-01 21:59:25 [[32minfo[39m] [[36mDebug[39m] 429 hit on route /gateway/bot
2022-06-01 21:59:27 [[32minfo[39m] [[36mDebug[39m] 429 hit on route /gateway/bot
2022-06-01 21:59:27 [[32minfo[39m] [[36mDebug[39m] 429 hit on route /gateway/bot
2022-06-01 21:59:29 [[32minfo[39m] [[36mDebug[39m] 429 hit on route /gateway/bot
2022-06-01 21:59:31 [[32minfo[39m] [[36mDebug[39m] 429 hit on route /gateway/bot
2022-06-01 21:59:32 [[32minfo[39m] [[36mDebug[39m] 429 hit on route /gateway/bot
2022-06-01 21:59:34 [[32minfo[39m] [[36mDebug[39m] 429 hit on route /gateway/bot
2022-06-01 21:59:36 [[32minfo[39m] [[36mDebug[39m] 429 hit on route /gateway/bot
2022-06-01 21:59:38 [[32minfo[39m] [[36mDebug[39m] 429 hit on route /gateway/bot
2022-06-01 21:59:43 [[32minfo[39m] [[36mDebug[39m] 429 hit on route /gateway/bot
2022-06-01 21:59:45 [[32minfo[39m] [[36mDebug[39m] 429 hit on route /gateway/bot
2022-06-01 21:59:45 [[32minfo[39m] [[36mDebug[39m] 429 hit on route /gateway/bot
2022-06-01 21:59:47 [[32minfo[39m] [[36mDebug[39m] 429 hit on route /gateway/bot
2022-06-01 21:59:49 [[32minfo[39m] [[36mDebug[39m] 429 hit on route /gateway/bot
2022-06-01 21:59:50 [[32minfo[39m] [[36mDebug[39m] 429 hit on route /gateway/bot
2022-06-01 21:59:52 [[32minfo[39m] [[36mDebug[39m] 429 hit on route /gateway/bot
2022-06-01 21:59:54 [[32minfo[39m] [[36mDebug[39m] 429 hit on route /gateway/bot
2022-06-01 21:59:56 [[32minfo[39m] [[36mDebug[39m] 429 hit on route /gateway/bot
2022-06-01 22:00:02 [[32minfo[39m] [[36mDebug[39m] 429 hit on route /gateway/bot
2022-06-01 22:00:03 [[32minfo[39m] [[36mDebug[39m] 429 hit on route /gateway/bot
2022-06-01 22:00:03 [[32minfo[39m] [[36mDebug[39m] 429 hit on route /gateway/bot
2022-06-01 22:00:05 [[32minfo[39m] [[36mDebug[39m] 429 hit on route /gateway/bot
2022-06-01 22:00:07 [[32minfo[39m] [[36mDebug[39m] 429 hit on route /gateway/bot
2022-06-01 22:00:08 [[32minfo[39m] [[36mDebug[39m] 429 hit on route /gateway/bot
2022-06-01 22:00:10 [[32minfo[39m] [[36mDebug[39m] 429 hit on route /gateway/bot
2022-06-01 22:00:12 [[32minfo[39m] [[36mDebug[39m] 429 hit on route /gateway/bot
2022-06-01 22:00:14 [[32minfo[39m] [[36mDebug[39m] 429 hit on route /gateway/bot
2022-06-01 22:00:21 [[32minfo[39m] [[36mDebug[39m] 429 hit on route /gateway/bot
2022-06-01 22:00:21 [[32minfo[39m] [[36mDebug[39m] 429 hit on route /gateway/bot
2022-06-01 22:00:21 [[32minfo[39m] [[36mDebug[39m] 429 hit on route /gateway/bot
2022-06-01 22:06:19 [[32minfo[39m] [[36mShard[39m] Shard 1/1 is connected
2022-06-01 22:06:25 [[32minfo[39m] [[36mStatus[39m] ✅ loaded Maintenance Mode 
2022-06-01 22:43:16 [[32minfo[39m] [[36mShard[39m] Shard 1/1 has resumed
2022-06-01 23:28:17 [[32minfo[39m] [[36mCommand[39m] "s!maintenance disable" (maintenance) ran by "Isa-san#7730" (801148038269763644) on guild "Swordie Bot" (981247252217593906) channel "#announcements" (981259239941087302)
2022-06-01 23:28:21 [[32minfo[39m] [[36mShard[39m] Shard 1/1 is connected
2022-06-01 23:28:27 [[32minfo[39m] [[36mStatus[39m] ✅ loaded: Bot Status 
2022-06-01 23:35:27 [[32minfo[39m] [[36mShard[39m] Shard 1/1 has resumed
2022-06-02 00:41:39 [[32minfo[39m] [[36mStatus[39m] ✅ loaded: Bot Status 
2022-06-02 02:11:40 [[32minfo[39m] [[36mStatus[39m] ✅ loaded: Bot Status 
2022-06-02 02:30:10 [[32minfo[39m] [[36mShard[39m] Shard 1/1 has resumed
2022-06-02 03:38:14 [[32minfo[39m] [[36mShard[39m] Shard 1/1 has resumed
2022-06-02 04:24:07 [[32minfo[39m] [[36mShard[39m] Shard 1/1 has resumed
2022-06-02 05:46:53 [[32minfo[39m] [[36mStatus[39m] ✅ loaded: Bot Status 
2022-06-02 06:22:04 [[32minfo[39m] [[36mStatus[39m] ✅ loaded: Bot Status 
2022-06-02 07:11:38 [[32minfo[39m] [[36mStatus[39m] ✅ loaded: Bot Status 
2022-06-02 07:26:22 [[32minfo[39m] [[36mShard[39m] Shard 1/1 is connected
2022-06-02 07:26:28 [[32minfo[39m] [[36mStatus[39m] ✅ loaded: Bot Status 
2022-06-02 07:43:41 [[32minfo[39m] [[36mShard[39m] Shard 1/1 has resumed
2022-06-02 08:20:59 [[32minfo[39m] [[36mShard[39m] Shard 1/1 has resumed
2022-06-02 13:11:28 [[32minfo[39m] [[36mShard[39m] Shard 1/1 is connected
2022-06-02 13:11:34 [[32minfo[39m] [[36mStatus[39m] ✅ loaded: Bot Status 
